[2022-11-16 22:18:38,339] {processor.py:153} INFO - Started process (PID=10733) to work on /home/nayara/Downloads/EngDados/PROJTOS/main-code/venv/lib/python3.10/site-packages/airflow/example_dags/example_local_kubernetes_executor.py
[2022-11-16 22:18:38,340] {processor.py:641} INFO - Processing file /home/nayara/Downloads/EngDados/PROJTOS/main-code/venv/lib/python3.10/site-packages/airflow/example_dags/example_local_kubernetes_executor.py for tasks to queue
[2022-11-16 22:18:38,342] {logging_mixin.py:115} INFO - [2022-11-16 22:18:38,341] {dagbag.py:507} INFO - Filling up the DagBag from /home/nayara/Downloads/EngDados/PROJTOS/main-code/venv/lib/python3.10/site-packages/airflow/example_dags/example_local_kubernetes_executor.py
[2022-11-16 22:18:38,379] {logging_mixin.py:115} INFO - [2022-11-16 22:18:38,378] {example_local_kubernetes_executor.py:37} WARNING - Could not import DAGs in example_local_kubernetes_executor.py
Traceback (most recent call last):
  File "/home/nayara/Downloads/EngDados/PROJTOS/main-code/venv/lib/python3.10/site-packages/airflow/example_dags/example_local_kubernetes_executor.py", line 35, in <module>
    from kubernetes.client import models as k8s
ModuleNotFoundError: No module named 'kubernetes'
[2022-11-16 22:18:38,379] {logging_mixin.py:115} INFO - [2022-11-16 22:18:38,379] {example_local_kubernetes_executor.py:38} WARNING - Install Kubernetes dependencies with: pip install apache-airflow[cncf.kubernetes]
[2022-11-16 22:18:38,379] {processor.py:653} WARNING - No viable dags retrieved from /home/nayara/Downloads/EngDados/PROJTOS/main-code/venv/lib/python3.10/site-packages/airflow/example_dags/example_local_kubernetes_executor.py
[2022-11-16 22:18:38,396] {processor.py:161} INFO - Processing /home/nayara/Downloads/EngDados/PROJTOS/main-code/venv/lib/python3.10/site-packages/airflow/example_dags/example_local_kubernetes_executor.py took 0.067 seconds
[2022-11-16 22:20:41,272] {processor.py:153} INFO - Started process (PID=10917) to work on /home/nayara/Downloads/EngDados/PROJTOS/main-code/venv/lib/python3.10/site-packages/airflow/example_dags/example_local_kubernetes_executor.py
[2022-11-16 22:20:41,311] {processor.py:641} INFO - Processing file /home/nayara/Downloads/EngDados/PROJTOS/main-code/venv/lib/python3.10/site-packages/airflow/example_dags/example_local_kubernetes_executor.py for tasks to queue
[2022-11-16 22:20:41,312] {logging_mixin.py:115} INFO - [2022-11-16 22:20:41,312] {dagbag.py:507} INFO - Filling up the DagBag from /home/nayara/Downloads/EngDados/PROJTOS/main-code/venv/lib/python3.10/site-packages/airflow/example_dags/example_local_kubernetes_executor.py
[2022-11-16 22:20:41,549] {logging_mixin.py:115} INFO - [2022-11-16 22:20:41,516] {example_local_kubernetes_executor.py:37} WARNING - Could not import DAGs in example_local_kubernetes_executor.py
Traceback (most recent call last):
  File "/home/nayara/Downloads/EngDados/PROJTOS/main-code/venv/lib/python3.10/site-packages/airflow/example_dags/example_local_kubernetes_executor.py", line 35, in <module>
    from kubernetes.client import models as k8s
ModuleNotFoundError: No module named 'kubernetes'
[2022-11-16 22:20:41,549] {logging_mixin.py:115} INFO - [2022-11-16 22:20:41,549] {example_local_kubernetes_executor.py:38} WARNING - Install Kubernetes dependencies with: pip install apache-airflow[cncf.kubernetes]
[2022-11-16 22:20:41,550] {processor.py:653} WARNING - No viable dags retrieved from /home/nayara/Downloads/EngDados/PROJTOS/main-code/venv/lib/python3.10/site-packages/airflow/example_dags/example_local_kubernetes_executor.py
[2022-11-16 22:20:41,569] {processor.py:161} INFO - Processing /home/nayara/Downloads/EngDados/PROJTOS/main-code/venv/lib/python3.10/site-packages/airflow/example_dags/example_local_kubernetes_executor.py took 0.305 seconds
[2022-11-16 22:21:35,112] {processor.py:153} INFO - Started process (PID=11013) to work on /home/nayara/Downloads/EngDados/PROJTOS/main-code/venv/lib/python3.10/site-packages/airflow/example_dags/example_local_kubernetes_executor.py
[2022-11-16 22:21:35,113] {processor.py:641} INFO - Processing file /home/nayara/Downloads/EngDados/PROJTOS/main-code/venv/lib/python3.10/site-packages/airflow/example_dags/example_local_kubernetes_executor.py for tasks to queue
[2022-11-16 22:21:35,114] {logging_mixin.py:115} INFO - [2022-11-16 22:21:35,114] {dagbag.py:507} INFO - Filling up the DagBag from /home/nayara/Downloads/EngDados/PROJTOS/main-code/venv/lib/python3.10/site-packages/airflow/example_dags/example_local_kubernetes_executor.py
[2022-11-16 22:21:35,139] {logging_mixin.py:115} INFO - [2022-11-16 22:21:35,138] {example_local_kubernetes_executor.py:37} WARNING - Could not import DAGs in example_local_kubernetes_executor.py
Traceback (most recent call last):
  File "/home/nayara/Downloads/EngDados/PROJTOS/main-code/venv/lib/python3.10/site-packages/airflow/example_dags/example_local_kubernetes_executor.py", line 35, in <module>
    from kubernetes.client import models as k8s
ModuleNotFoundError: No module named 'kubernetes'
[2022-11-16 22:21:35,139] {logging_mixin.py:115} INFO - [2022-11-16 22:21:35,139] {example_local_kubernetes_executor.py:38} WARNING - Install Kubernetes dependencies with: pip install apache-airflow[cncf.kubernetes]
[2022-11-16 22:21:35,139] {processor.py:653} WARNING - No viable dags retrieved from /home/nayara/Downloads/EngDados/PROJTOS/main-code/venv/lib/python3.10/site-packages/airflow/example_dags/example_local_kubernetes_executor.py
[2022-11-16 22:21:35,152] {processor.py:161} INFO - Processing /home/nayara/Downloads/EngDados/PROJTOS/main-code/venv/lib/python3.10/site-packages/airflow/example_dags/example_local_kubernetes_executor.py took 0.052 seconds
[2022-11-16 22:22:17,692] {processor.py:153} INFO - Started process (PID=11142) to work on /home/nayara/Downloads/EngDados/PROJTOS/main-code/venv/lib/python3.10/site-packages/airflow/example_dags/example_local_kubernetes_executor.py
[2022-11-16 22:22:17,693] {processor.py:641} INFO - Processing file /home/nayara/Downloads/EngDados/PROJTOS/main-code/venv/lib/python3.10/site-packages/airflow/example_dags/example_local_kubernetes_executor.py for tasks to queue
[2022-11-16 22:22:17,694] {logging_mixin.py:115} INFO - [2022-11-16 22:22:17,694] {dagbag.py:507} INFO - Filling up the DagBag from /home/nayara/Downloads/EngDados/PROJTOS/main-code/venv/lib/python3.10/site-packages/airflow/example_dags/example_local_kubernetes_executor.py
[2022-11-16 22:22:17,716] {logging_mixin.py:115} INFO - [2022-11-16 22:22:17,716] {example_local_kubernetes_executor.py:37} WARNING - Could not import DAGs in example_local_kubernetes_executor.py
Traceback (most recent call last):
  File "/home/nayara/Downloads/EngDados/PROJTOS/main-code/venv/lib/python3.10/site-packages/airflow/example_dags/example_local_kubernetes_executor.py", line 35, in <module>
    from kubernetes.client import models as k8s
ModuleNotFoundError: No module named 'kubernetes'
[2022-11-16 22:22:17,717] {logging_mixin.py:115} INFO - [2022-11-16 22:22:17,717] {example_local_kubernetes_executor.py:38} WARNING - Install Kubernetes dependencies with: pip install apache-airflow[cncf.kubernetes]
[2022-11-16 22:22:17,717] {processor.py:653} WARNING - No viable dags retrieved from /home/nayara/Downloads/EngDados/PROJTOS/main-code/venv/lib/python3.10/site-packages/airflow/example_dags/example_local_kubernetes_executor.py
[2022-11-16 22:22:17,731] {processor.py:161} INFO - Processing /home/nayara/Downloads/EngDados/PROJTOS/main-code/venv/lib/python3.10/site-packages/airflow/example_dags/example_local_kubernetes_executor.py took 0.045 seconds
