[2022-11-16 22:18:51,264] {processor.py:153} INFO - Started process (PID=10742) to work on /home/nayara/Downloads/EngDados/PROJTOS/main-code/venv/lib/python3.10/site-packages/airflow/example_dags/example_branch_day_of_week_operator.py
[2022-11-16 22:18:51,265] {processor.py:641} INFO - Processing file /home/nayara/Downloads/EngDados/PROJTOS/main-code/venv/lib/python3.10/site-packages/airflow/example_dags/example_branch_day_of_week_operator.py for tasks to queue
[2022-11-16 22:18:51,266] {logging_mixin.py:115} INFO - [2022-11-16 22:18:51,266] {dagbag.py:507} INFO - Filling up the DagBag from /home/nayara/Downloads/EngDados/PROJTOS/main-code/venv/lib/python3.10/site-packages/airflow/example_dags/example_branch_day_of_week_operator.py
[2022-11-16 22:18:51,308] {processor.py:651} INFO - DAG(s) dict_keys(['example_weekday_branch_operator']) retrieved from /home/nayara/Downloads/EngDados/PROJTOS/main-code/venv/lib/python3.10/site-packages/airflow/example_dags/example_branch_day_of_week_operator.py
[2022-11-16 22:18:51,807] {logging_mixin.py:115} INFO - [2022-11-16 22:18:51,807] {manager.py:508} INFO - Created Permission View: can read on DAG:example_weekday_branch_operator
[2022-11-16 22:18:52,127] {logging_mixin.py:115} INFO - [2022-11-16 22:18:52,126] {manager.py:508} INFO - Created Permission View: can edit on DAG:example_weekday_branch_operator
[2022-11-16 22:18:52,357] {logging_mixin.py:115} INFO - [2022-11-16 22:18:52,357] {manager.py:508} INFO - Created Permission View: can delete on DAG:example_weekday_branch_operator
[2022-11-16 22:18:52,358] {logging_mixin.py:115} INFO - [2022-11-16 22:18:52,358] {dag.py:2379} INFO - Sync 1 DAGs
[2022-11-16 22:18:52,424] {logging_mixin.py:115} INFO - [2022-11-16 22:18:52,424] {dag.py:2398} INFO - Creating ORM DAG for example_weekday_branch_operator
[2022-11-16 22:18:52,629] {logging_mixin.py:115} INFO - [2022-11-16 22:18:52,629] {dag.py:2927} INFO - Setting next_dagrun for example_weekday_branch_operator to 2022-11-16T00:00:00+00:00, run_after=2022-11-17T00:00:00+00:00
[2022-11-16 22:18:52,987] {processor.py:161} INFO - Processing /home/nayara/Downloads/EngDados/PROJTOS/main-code/venv/lib/python3.10/site-packages/airflow/example_dags/example_branch_day_of_week_operator.py took 1.727 seconds
[2022-11-16 22:20:51,285] {processor.py:153} INFO - Started process (PID=10929) to work on /home/nayara/Downloads/EngDados/PROJTOS/main-code/venv/lib/python3.10/site-packages/airflow/example_dags/example_branch_day_of_week_operator.py
[2022-11-16 22:20:51,295] {processor.py:641} INFO - Processing file /home/nayara/Downloads/EngDados/PROJTOS/main-code/venv/lib/python3.10/site-packages/airflow/example_dags/example_branch_day_of_week_operator.py for tasks to queue
[2022-11-16 22:20:51,296] {logging_mixin.py:115} INFO - [2022-11-16 22:20:51,296] {dagbag.py:507} INFO - Filling up the DagBag from /home/nayara/Downloads/EngDados/PROJTOS/main-code/venv/lib/python3.10/site-packages/airflow/example_dags/example_branch_day_of_week_operator.py
[2022-11-16 22:20:51,566] {processor.py:651} INFO - DAG(s) dict_keys(['example_weekday_branch_operator']) retrieved from /home/nayara/Downloads/EngDados/PROJTOS/main-code/venv/lib/python3.10/site-packages/airflow/example_dags/example_branch_day_of_week_operator.py
[2022-11-16 22:20:51,594] {logging_mixin.py:115} INFO - [2022-11-16 22:20:51,593] {dag.py:2379} INFO - Sync 1 DAGs
[2022-11-16 22:20:51,630] {logging_mixin.py:115} INFO - [2022-11-16 22:20:51,630] {dag.py:2927} INFO - Setting next_dagrun for example_weekday_branch_operator to 2022-11-16T00:00:00+00:00, run_after=2022-11-17T00:00:00+00:00
[2022-11-16 22:20:52,668] {processor.py:161} INFO - Processing /home/nayara/Downloads/EngDados/PROJTOS/main-code/venv/lib/python3.10/site-packages/airflow/example_dags/example_branch_day_of_week_operator.py took 1.391 seconds
[2022-11-16 22:21:41,626] {processor.py:153} INFO - Started process (PID=11020) to work on /home/nayara/Downloads/EngDados/PROJTOS/main-code/venv/lib/python3.10/site-packages/airflow/example_dags/example_branch_day_of_week_operator.py
[2022-11-16 22:21:41,628] {processor.py:641} INFO - Processing file /home/nayara/Downloads/EngDados/PROJTOS/main-code/venv/lib/python3.10/site-packages/airflow/example_dags/example_branch_day_of_week_operator.py for tasks to queue
[2022-11-16 22:21:41,629] {logging_mixin.py:115} INFO - [2022-11-16 22:21:41,629] {dagbag.py:507} INFO - Filling up the DagBag from /home/nayara/Downloads/EngDados/PROJTOS/main-code/venv/lib/python3.10/site-packages/airflow/example_dags/example_branch_day_of_week_operator.py
[2022-11-16 22:21:41,642] {processor.py:651} INFO - DAG(s) dict_keys(['example_weekday_branch_operator']) retrieved from /home/nayara/Downloads/EngDados/PROJTOS/main-code/venv/lib/python3.10/site-packages/airflow/example_dags/example_branch_day_of_week_operator.py
[2022-11-16 22:21:41,663] {logging_mixin.py:115} INFO - [2022-11-16 22:21:41,663] {dag.py:2379} INFO - Sync 1 DAGs
[2022-11-16 22:21:41,692] {logging_mixin.py:115} INFO - [2022-11-16 22:21:41,692] {dag.py:2927} INFO - Setting next_dagrun for example_weekday_branch_operator to 2022-11-16T00:00:00+00:00, run_after=2022-11-17T00:00:00+00:00
[2022-11-16 22:21:41,896] {processor.py:161} INFO - Processing /home/nayara/Downloads/EngDados/PROJTOS/main-code/venv/lib/python3.10/site-packages/airflow/example_dags/example_branch_day_of_week_operator.py took 0.278 seconds
