[2022-11-16 22:18:42,339] {processor.py:153} INFO - Started process (PID=10737) to work on /home/nayara/Downloads/EngDados/PROJTOS/main-code/venv/lib/python3.10/site-packages/airflow/example_dags/example_sla_dag.py
[2022-11-16 22:18:42,340] {processor.py:641} INFO - Processing file /home/nayara/Downloads/EngDados/PROJTOS/main-code/venv/lib/python3.10/site-packages/airflow/example_dags/example_sla_dag.py for tasks to queue
[2022-11-16 22:18:42,340] {logging_mixin.py:115} INFO - [2022-11-16 22:18:42,340] {dagbag.py:507} INFO - Filling up the DagBag from /home/nayara/Downloads/EngDados/PROJTOS/main-code/venv/lib/python3.10/site-packages/airflow/example_dags/example_sla_dag.py
[2022-11-16 22:18:42,370] {processor.py:651} INFO - DAG(s) dict_keys(['example_sla_dag']) retrieved from /home/nayara/Downloads/EngDados/PROJTOS/main-code/venv/lib/python3.10/site-packages/airflow/example_dags/example_sla_dag.py
[2022-11-16 22:18:42,981] {logging_mixin.py:115} INFO - [2022-11-16 22:18:42,980] {manager.py:508} INFO - Created Permission View: can read on DAG:example_sla_dag
[2022-11-16 22:18:43,226] {logging_mixin.py:115} INFO - [2022-11-16 22:18:43,226] {manager.py:508} INFO - Created Permission View: can edit on DAG:example_sla_dag
[2022-11-16 22:18:43,411] {logging_mixin.py:115} INFO - [2022-11-16 22:18:43,411] {manager.py:508} INFO - Created Permission View: can delete on DAG:example_sla_dag
[2022-11-16 22:18:43,411] {logging_mixin.py:115} INFO - [2022-11-16 22:18:43,411] {dag.py:2379} INFO - Sync 1 DAGs
[2022-11-16 22:18:43,427] {logging_mixin.py:115} INFO - [2022-11-16 22:18:43,426] {dag.py:2398} INFO - Creating ORM DAG for example_sla_dag
[2022-11-16 22:18:43,460] {logging_mixin.py:115} INFO - [2022-11-16 22:18:43,459] {dag.py:2927} INFO - Setting next_dagrun for example_sla_dag to 2022-11-17T01:16:00+00:00, run_after=2022-11-17T01:18:00+00:00
[2022-11-16 22:18:43,841] {processor.py:161} INFO - Processing /home/nayara/Downloads/EngDados/PROJTOS/main-code/venv/lib/python3.10/site-packages/airflow/example_dags/example_sla_dag.py took 1.507 seconds
[2022-11-16 22:20:45,256] {processor.py:153} INFO - Started process (PID=10921) to work on /home/nayara/Downloads/EngDados/PROJTOS/main-code/venv/lib/python3.10/site-packages/airflow/example_dags/example_sla_dag.py
[2022-11-16 22:20:45,267] {processor.py:641} INFO - Processing file /home/nayara/Downloads/EngDados/PROJTOS/main-code/venv/lib/python3.10/site-packages/airflow/example_dags/example_sla_dag.py for tasks to queue
[2022-11-16 22:20:45,268] {logging_mixin.py:115} INFO - [2022-11-16 22:20:45,268] {dagbag.py:507} INFO - Filling up the DagBag from /home/nayara/Downloads/EngDados/PROJTOS/main-code/venv/lib/python3.10/site-packages/airflow/example_dags/example_sla_dag.py
[2022-11-16 22:20:45,445] {processor.py:651} INFO - DAG(s) dict_keys(['example_sla_dag']) retrieved from /home/nayara/Downloads/EngDados/PROJTOS/main-code/venv/lib/python3.10/site-packages/airflow/example_dags/example_sla_dag.py
[2022-11-16 22:20:45,469] {logging_mixin.py:115} INFO - [2022-11-16 22:20:45,469] {dag.py:2379} INFO - Sync 1 DAGs
[2022-11-16 22:20:45,524] {logging_mixin.py:115} INFO - [2022-11-16 22:20:45,524] {dag.py:2927} INFO - Setting next_dagrun for example_sla_dag to 2022-11-17T01:18:00+00:00, run_after=2022-11-17T01:20:00+00:00
[2022-11-16 22:20:46,213] {processor.py:161} INFO - Processing /home/nayara/Downloads/EngDados/PROJTOS/main-code/venv/lib/python3.10/site-packages/airflow/example_dags/example_sla_dag.py took 0.961 seconds
[2022-11-16 22:21:37,719] {processor.py:153} INFO - Started process (PID=11015) to work on /home/nayara/Downloads/EngDados/PROJTOS/main-code/venv/lib/python3.10/site-packages/airflow/example_dags/example_sla_dag.py
[2022-11-16 22:21:37,755] {processor.py:641} INFO - Processing file /home/nayara/Downloads/EngDados/PROJTOS/main-code/venv/lib/python3.10/site-packages/airflow/example_dags/example_sla_dag.py for tasks to queue
[2022-11-16 22:21:37,758] {logging_mixin.py:115} INFO - [2022-11-16 22:21:37,757] {dagbag.py:507} INFO - Filling up the DagBag from /home/nayara/Downloads/EngDados/PROJTOS/main-code/venv/lib/python3.10/site-packages/airflow/example_dags/example_sla_dag.py
[2022-11-16 22:21:37,795] {processor.py:651} INFO - DAG(s) dict_keys(['example_sla_dag']) retrieved from /home/nayara/Downloads/EngDados/PROJTOS/main-code/venv/lib/python3.10/site-packages/airflow/example_dags/example_sla_dag.py
[2022-11-16 22:21:37,814] {logging_mixin.py:115} INFO - [2022-11-16 22:21:37,814] {dag.py:2379} INFO - Sync 1 DAGs
[2022-11-16 22:21:37,842] {logging_mixin.py:115} INFO - [2022-11-16 22:21:37,842] {dag.py:2927} INFO - Setting next_dagrun for example_sla_dag to 2022-11-17T01:18:00+00:00, run_after=2022-11-17T01:20:00+00:00
[2022-11-16 22:21:38,081] {processor.py:161} INFO - Processing /home/nayara/Downloads/EngDados/PROJTOS/main-code/venv/lib/python3.10/site-packages/airflow/example_dags/example_sla_dag.py took 0.374 seconds
