[2022-11-16 22:18:29,240] {processor.py:153} INFO - Started process (PID=10727) to work on /home/nayara/Downloads/EngDados/PROJTOS/main-code/venv/lib/python3.10/site-packages/airflow/example_dags/example_short_circuit_operator.py
[2022-11-16 22:18:29,241] {processor.py:641} INFO - Processing file /home/nayara/Downloads/EngDados/PROJTOS/main-code/venv/lib/python3.10/site-packages/airflow/example_dags/example_short_circuit_operator.py for tasks to queue
[2022-11-16 22:18:29,243] {logging_mixin.py:115} INFO - [2022-11-16 22:18:29,243] {dagbag.py:507} INFO - Filling up the DagBag from /home/nayara/Downloads/EngDados/PROJTOS/main-code/venv/lib/python3.10/site-packages/airflow/example_dags/example_short_circuit_operator.py
[2022-11-16 22:18:29,260] {processor.py:651} INFO - DAG(s) dict_keys(['example_short_circuit_operator']) retrieved from /home/nayara/Downloads/EngDados/PROJTOS/main-code/venv/lib/python3.10/site-packages/airflow/example_dags/example_short_circuit_operator.py
[2022-11-16 22:18:30,176] {logging_mixin.py:115} INFO - [2022-11-16 22:18:30,176] {manager.py:508} INFO - Created Permission View: can read on DAG:example_short_circuit_operator
[2022-11-16 22:18:30,419] {logging_mixin.py:115} INFO - [2022-11-16 22:18:30,418] {manager.py:508} INFO - Created Permission View: can edit on DAG:example_short_circuit_operator
[2022-11-16 22:18:30,658] {logging_mixin.py:115} INFO - [2022-11-16 22:18:30,657] {manager.py:508} INFO - Created Permission View: can delete on DAG:example_short_circuit_operator
[2022-11-16 22:18:30,659] {logging_mixin.py:115} INFO - [2022-11-16 22:18:30,659] {dag.py:2379} INFO - Sync 1 DAGs
[2022-11-16 22:18:30,749] {logging_mixin.py:115} INFO - [2022-11-16 22:18:30,748] {dag.py:2398} INFO - Creating ORM DAG for example_short_circuit_operator
[2022-11-16 22:18:30,771] {logging_mixin.py:115} INFO - [2022-11-16 22:18:30,771] {dag.py:2927} INFO - Setting next_dagrun for example_short_circuit_operator to 2022-11-16T01:18:30.770901+00:00, run_after=2022-11-17T01:18:30.770901+00:00
[2022-11-16 22:18:31,144] {processor.py:161} INFO - Processing /home/nayara/Downloads/EngDados/PROJTOS/main-code/venv/lib/python3.10/site-packages/airflow/example_dags/example_short_circuit_operator.py took 1.917 seconds
[2022-11-16 22:20:35,019] {processor.py:153} INFO - Started process (PID=10896) to work on /home/nayara/Downloads/EngDados/PROJTOS/main-code/venv/lib/python3.10/site-packages/airflow/example_dags/example_short_circuit_operator.py
[2022-11-16 22:20:35,039] {processor.py:641} INFO - Processing file /home/nayara/Downloads/EngDados/PROJTOS/main-code/venv/lib/python3.10/site-packages/airflow/example_dags/example_short_circuit_operator.py for tasks to queue
[2022-11-16 22:20:35,040] {logging_mixin.py:115} INFO - [2022-11-16 22:20:35,040] {dagbag.py:507} INFO - Filling up the DagBag from /home/nayara/Downloads/EngDados/PROJTOS/main-code/venv/lib/python3.10/site-packages/airflow/example_dags/example_short_circuit_operator.py
[2022-11-16 22:20:35,259] {processor.py:651} INFO - DAG(s) dict_keys(['example_short_circuit_operator']) retrieved from /home/nayara/Downloads/EngDados/PROJTOS/main-code/venv/lib/python3.10/site-packages/airflow/example_dags/example_short_circuit_operator.py
[2022-11-16 22:20:35,301] {logging_mixin.py:115} INFO - [2022-11-16 22:20:35,300] {dag.py:2379} INFO - Sync 1 DAGs
[2022-11-16 22:20:35,342] {logging_mixin.py:115} INFO - [2022-11-16 22:20:35,342] {dag.py:2927} INFO - Setting next_dagrun for example_short_circuit_operator to 2022-11-16T01:20:35.342252+00:00, run_after=2022-11-17T01:20:35.342252+00:00
[2022-11-16 22:20:36,195] {processor.py:161} INFO - Processing /home/nayara/Downloads/EngDados/PROJTOS/main-code/venv/lib/python3.10/site-packages/airflow/example_dags/example_short_circuit_operator.py took 1.182 seconds
[2022-11-16 22:21:30,754] {processor.py:153} INFO - Started process (PID=11010) to work on /home/nayara/Downloads/EngDados/PROJTOS/main-code/venv/lib/python3.10/site-packages/airflow/example_dags/example_short_circuit_operator.py
[2022-11-16 22:21:30,878] {processor.py:641} INFO - Processing file /home/nayara/Downloads/EngDados/PROJTOS/main-code/venv/lib/python3.10/site-packages/airflow/example_dags/example_short_circuit_operator.py for tasks to queue
[2022-11-16 22:21:30,886] {logging_mixin.py:115} INFO - [2022-11-16 22:21:30,881] {dagbag.py:507} INFO - Filling up the DagBag from /home/nayara/Downloads/EngDados/PROJTOS/main-code/venv/lib/python3.10/site-packages/airflow/example_dags/example_short_circuit_operator.py
[2022-11-16 22:21:30,940] {processor.py:651} INFO - DAG(s) dict_keys(['example_short_circuit_operator']) retrieved from /home/nayara/Downloads/EngDados/PROJTOS/main-code/venv/lib/python3.10/site-packages/airflow/example_dags/example_short_circuit_operator.py
[2022-11-16 22:21:30,970] {logging_mixin.py:115} INFO - [2022-11-16 22:21:30,970] {dag.py:2379} INFO - Sync 1 DAGs
[2022-11-16 22:21:30,997] {logging_mixin.py:115} INFO - [2022-11-16 22:21:30,997] {dag.py:2927} INFO - Setting next_dagrun for example_short_circuit_operator to 2022-11-16T01:21:30.997286+00:00, run_after=2022-11-17T01:21:30.997286+00:00
[2022-11-16 22:21:31,489] {processor.py:161} INFO - Processing /home/nayara/Downloads/EngDados/PROJTOS/main-code/venv/lib/python3.10/site-packages/airflow/example_dags/example_short_circuit_operator.py took 0.743 seconds
[2022-11-16 22:22:13,594] {processor.py:153} INFO - Started process (PID=11133) to work on /home/nayara/Downloads/EngDados/PROJTOS/main-code/venv/lib/python3.10/site-packages/airflow/example_dags/example_short_circuit_operator.py
[2022-11-16 22:22:13,598] {processor.py:641} INFO - Processing file /home/nayara/Downloads/EngDados/PROJTOS/main-code/venv/lib/python3.10/site-packages/airflow/example_dags/example_short_circuit_operator.py for tasks to queue
[2022-11-16 22:22:13,599] {logging_mixin.py:115} INFO - [2022-11-16 22:22:13,599] {dagbag.py:507} INFO - Filling up the DagBag from /home/nayara/Downloads/EngDados/PROJTOS/main-code/venv/lib/python3.10/site-packages/airflow/example_dags/example_short_circuit_operator.py
[2022-11-16 22:22:13,650] {processor.py:651} INFO - DAG(s) dict_keys(['example_short_circuit_operator']) retrieved from /home/nayara/Downloads/EngDados/PROJTOS/main-code/venv/lib/python3.10/site-packages/airflow/example_dags/example_short_circuit_operator.py
[2022-11-16 22:22:13,697] {logging_mixin.py:115} INFO - [2022-11-16 22:22:13,697] {dag.py:2379} INFO - Sync 1 DAGs
[2022-11-16 22:22:13,743] {logging_mixin.py:115} INFO - [2022-11-16 22:22:13,743] {dag.py:2927} INFO - Setting next_dagrun for example_short_circuit_operator to 2022-11-16T01:22:13.743190+00:00, run_after=2022-11-17T01:22:13.743190+00:00
[2022-11-16 22:22:14,029] {processor.py:161} INFO - Processing /home/nayara/Downloads/EngDados/PROJTOS/main-code/venv/lib/python3.10/site-packages/airflow/example_dags/example_short_circuit_operator.py took 0.454 seconds
