[2022-11-16 22:17:55,238] {processor.py:153} INFO - Started process (PID=10542) to work on /home/nayara/Downloads/EngDados/PROJTOS/main-code/venv/lib/python3.10/site-packages/airflow/example_dags/example_time_delta_sensor_async.py
[2022-11-16 22:17:55,239] {processor.py:641} INFO - Processing file /home/nayara/Downloads/EngDados/PROJTOS/main-code/venv/lib/python3.10/site-packages/airflow/example_dags/example_time_delta_sensor_async.py for tasks to queue
[2022-11-16 22:17:55,245] {logging_mixin.py:115} INFO - [2022-11-16 22:17:55,245] {dagbag.py:507} INFO - Filling up the DagBag from /home/nayara/Downloads/EngDados/PROJTOS/main-code/venv/lib/python3.10/site-packages/airflow/example_dags/example_time_delta_sensor_async.py
[2022-11-16 22:17:55,405] {processor.py:651} INFO - DAG(s) dict_keys(['example_time_delta_sensor_async']) retrieved from /home/nayara/Downloads/EngDados/PROJTOS/main-code/venv/lib/python3.10/site-packages/airflow/example_dags/example_time_delta_sensor_async.py
[2022-11-16 22:17:56,633] {logging_mixin.py:115} INFO - [2022-11-16 22:17:56,633] {manager.py:508} INFO - Created Permission View: can read on DAG:example_time_delta_sensor_async
[2022-11-16 22:17:56,852] {logging_mixin.py:115} INFO - [2022-11-16 22:17:56,852] {manager.py:508} INFO - Created Permission View: can edit on DAG:example_time_delta_sensor_async
[2022-11-16 22:17:57,191] {logging_mixin.py:115} INFO - [2022-11-16 22:17:57,191] {manager.py:508} INFO - Created Permission View: can delete on DAG:example_time_delta_sensor_async
[2022-11-16 22:17:57,192] {logging_mixin.py:115} INFO - [2022-11-16 22:17:57,192] {dag.py:2379} INFO - Sync 1 DAGs
[2022-11-16 22:17:57,208] {logging_mixin.py:115} INFO - [2022-11-16 22:17:57,207] {dag.py:2398} INFO - Creating ORM DAG for example_time_delta_sensor_async
[2022-11-16 22:17:57,231] {logging_mixin.py:115} INFO - [2022-11-16 22:17:57,231] {dag.py:2927} INFO - Setting next_dagrun for example_time_delta_sensor_async to None, run_after=None
[2022-11-16 22:17:57,501] {processor.py:161} INFO - Processing /home/nayara/Downloads/EngDados/PROJTOS/main-code/venv/lib/python3.10/site-packages/airflow/example_dags/example_time_delta_sensor_async.py took 2.274 seconds
[2022-11-16 22:19:36,899] {processor.py:153} INFO - Started process (PID=10802) to work on /home/nayara/Downloads/EngDados/PROJTOS/main-code/venv/lib/python3.10/site-packages/airflow/example_dags/example_time_delta_sensor_async.py
[2022-11-16 22:19:36,988] {processor.py:641} INFO - Processing file /home/nayara/Downloads/EngDados/PROJTOS/main-code/venv/lib/python3.10/site-packages/airflow/example_dags/example_time_delta_sensor_async.py for tasks to queue
[2022-11-16 22:19:37,225] {logging_mixin.py:115} INFO - [2022-11-16 22:19:37,224] {dagbag.py:507} INFO - Filling up the DagBag from /home/nayara/Downloads/EngDados/PROJTOS/main-code/venv/lib/python3.10/site-packages/airflow/example_dags/example_time_delta_sensor_async.py
[2022-11-16 22:19:42,412] {processor.py:651} INFO - DAG(s) dict_keys(['example_time_delta_sensor_async']) retrieved from /home/nayara/Downloads/EngDados/PROJTOS/main-code/venv/lib/python3.10/site-packages/airflow/example_dags/example_time_delta_sensor_async.py
[2022-11-16 22:19:56,652] {logging_mixin.py:115} INFO - [2022-11-16 22:19:56,651] {dag.py:2379} INFO - Sync 1 DAGs
[2022-11-16 22:20:02,641] {logging_mixin.py:115} INFO - [2022-11-16 22:20:02,641] {dag.py:2927} INFO - Setting next_dagrun for example_time_delta_sensor_async to None, run_after=None
[2022-11-16 22:20:04,173] {processor.py:161} INFO - Processing /home/nayara/Downloads/EngDados/PROJTOS/main-code/venv/lib/python3.10/site-packages/airflow/example_dags/example_time_delta_sensor_async.py took 27.488 seconds
[2022-11-16 22:21:00,853] {processor.py:153} INFO - Started process (PID=10937) to work on /home/nayara/Downloads/EngDados/PROJTOS/main-code/venv/lib/python3.10/site-packages/airflow/example_dags/example_time_delta_sensor_async.py
[2022-11-16 22:21:00,882] {processor.py:641} INFO - Processing file /home/nayara/Downloads/EngDados/PROJTOS/main-code/venv/lib/python3.10/site-packages/airflow/example_dags/example_time_delta_sensor_async.py for tasks to queue
[2022-11-16 22:21:00,883] {logging_mixin.py:115} INFO - [2022-11-16 22:21:00,883] {dagbag.py:507} INFO - Filling up the DagBag from /home/nayara/Downloads/EngDados/PROJTOS/main-code/venv/lib/python3.10/site-packages/airflow/example_dags/example_time_delta_sensor_async.py
[2022-11-16 22:21:00,891] {processor.py:651} INFO - DAG(s) dict_keys(['example_time_delta_sensor_async']) retrieved from /home/nayara/Downloads/EngDados/PROJTOS/main-code/venv/lib/python3.10/site-packages/airflow/example_dags/example_time_delta_sensor_async.py
[2022-11-16 22:21:00,927] {logging_mixin.py:115} INFO - [2022-11-16 22:21:00,926] {dag.py:2379} INFO - Sync 1 DAGs
[2022-11-16 22:21:00,974] {logging_mixin.py:115} INFO - [2022-11-16 22:21:00,974] {dag.py:2927} INFO - Setting next_dagrun for example_time_delta_sensor_async to None, run_after=None
[2022-11-16 22:21:01,459] {processor.py:161} INFO - Processing /home/nayara/Downloads/EngDados/PROJTOS/main-code/venv/lib/python3.10/site-packages/airflow/example_dags/example_time_delta_sensor_async.py took 0.611 seconds
[2022-11-16 22:21:50,080] {processor.py:153} INFO - Started process (PID=11062) to work on /home/nayara/Downloads/EngDados/PROJTOS/main-code/venv/lib/python3.10/site-packages/airflow/example_dags/example_time_delta_sensor_async.py
[2022-11-16 22:21:50,168] {processor.py:641} INFO - Processing file /home/nayara/Downloads/EngDados/PROJTOS/main-code/venv/lib/python3.10/site-packages/airflow/example_dags/example_time_delta_sensor_async.py for tasks to queue
[2022-11-16 22:21:50,172] {logging_mixin.py:115} INFO - [2022-11-16 22:21:50,171] {dagbag.py:507} INFO - Filling up the DagBag from /home/nayara/Downloads/EngDados/PROJTOS/main-code/venv/lib/python3.10/site-packages/airflow/example_dags/example_time_delta_sensor_async.py
[2022-11-16 22:21:50,204] {processor.py:651} INFO - DAG(s) dict_keys(['example_time_delta_sensor_async']) retrieved from /home/nayara/Downloads/EngDados/PROJTOS/main-code/venv/lib/python3.10/site-packages/airflow/example_dags/example_time_delta_sensor_async.py
[2022-11-16 22:21:50,277] {logging_mixin.py:115} INFO - [2022-11-16 22:21:50,277] {dag.py:2379} INFO - Sync 1 DAGs
[2022-11-16 22:21:50,303] {logging_mixin.py:115} INFO - [2022-11-16 22:21:50,303] {dag.py:2927} INFO - Setting next_dagrun for example_time_delta_sensor_async to None, run_after=None
[2022-11-16 22:21:50,969] {processor.py:161} INFO - Processing /home/nayara/Downloads/EngDados/PROJTOS/main-code/venv/lib/python3.10/site-packages/airflow/example_dags/example_time_delta_sensor_async.py took 0.893 seconds
