[2022-11-16 22:18:35,051] {processor.py:153} INFO - Started process (PID=10731) to work on /home/nayara/Downloads/EngDados/PROJTOS/main-code/venv/lib/python3.10/site-packages/airflow/example_dags/example_nested_branch_dag.py
[2022-11-16 22:18:35,053] {processor.py:641} INFO - Processing file /home/nayara/Downloads/EngDados/PROJTOS/main-code/venv/lib/python3.10/site-packages/airflow/example_dags/example_nested_branch_dag.py for tasks to queue
[2022-11-16 22:18:35,054] {logging_mixin.py:115} INFO - [2022-11-16 22:18:35,054] {dagbag.py:507} INFO - Filling up the DagBag from /home/nayara/Downloads/EngDados/PROJTOS/main-code/venv/lib/python3.10/site-packages/airflow/example_dags/example_nested_branch_dag.py
[2022-11-16 22:18:35,130] {processor.py:651} INFO - DAG(s) dict_keys(['example_nested_branch_dag']) retrieved from /home/nayara/Downloads/EngDados/PROJTOS/main-code/venv/lib/python3.10/site-packages/airflow/example_dags/example_nested_branch_dag.py
[2022-11-16 22:18:35,817] {logging_mixin.py:115} INFO - [2022-11-16 22:18:35,816] {manager.py:508} INFO - Created Permission View: can read on DAG:example_nested_branch_dag
[2022-11-16 22:18:36,180] {logging_mixin.py:115} INFO - [2022-11-16 22:18:36,180] {manager.py:508} INFO - Created Permission View: can edit on DAG:example_nested_branch_dag
[2022-11-16 22:18:36,410] {logging_mixin.py:115} INFO - [2022-11-16 22:18:36,409] {manager.py:508} INFO - Created Permission View: can delete on DAG:example_nested_branch_dag
[2022-11-16 22:18:36,411] {logging_mixin.py:115} INFO - [2022-11-16 22:18:36,411] {dag.py:2379} INFO - Sync 1 DAGs
[2022-11-16 22:18:36,464] {logging_mixin.py:115} INFO - [2022-11-16 22:18:36,464] {dag.py:2398} INFO - Creating ORM DAG for example_nested_branch_dag
[2022-11-16 22:18:36,489] {logging_mixin.py:115} INFO - [2022-11-16 22:18:36,489] {dag.py:2927} INFO - Setting next_dagrun for example_nested_branch_dag to 2022-11-16T00:00:00+00:00, run_after=2022-11-17T00:00:00+00:00
[2022-11-16 22:18:36,951] {processor.py:161} INFO - Processing /home/nayara/Downloads/EngDados/PROJTOS/main-code/venv/lib/python3.10/site-packages/airflow/example_dags/example_nested_branch_dag.py took 1.911 seconds
[2022-11-16 22:20:39,102] {processor.py:153} INFO - Started process (PID=10904) to work on /home/nayara/Downloads/EngDados/PROJTOS/main-code/venv/lib/python3.10/site-packages/airflow/example_dags/example_nested_branch_dag.py
[2022-11-16 22:20:39,103] {processor.py:641} INFO - Processing file /home/nayara/Downloads/EngDados/PROJTOS/main-code/venv/lib/python3.10/site-packages/airflow/example_dags/example_nested_branch_dag.py for tasks to queue
[2022-11-16 22:20:39,104] {logging_mixin.py:115} INFO - [2022-11-16 22:20:39,104] {dagbag.py:507} INFO - Filling up the DagBag from /home/nayara/Downloads/EngDados/PROJTOS/main-code/venv/lib/python3.10/site-packages/airflow/example_dags/example_nested_branch_dag.py
[2022-11-16 22:20:39,184] {processor.py:651} INFO - DAG(s) dict_keys(['example_nested_branch_dag']) retrieved from /home/nayara/Downloads/EngDados/PROJTOS/main-code/venv/lib/python3.10/site-packages/airflow/example_dags/example_nested_branch_dag.py
[2022-11-16 22:20:39,242] {logging_mixin.py:115} INFO - [2022-11-16 22:20:39,242] {dag.py:2379} INFO - Sync 1 DAGs
[2022-11-16 22:20:39,298] {logging_mixin.py:115} INFO - [2022-11-16 22:20:39,298] {dag.py:2927} INFO - Setting next_dagrun for example_nested_branch_dag to 2022-11-16T00:00:00+00:00, run_after=2022-11-17T00:00:00+00:00
[2022-11-16 22:20:39,774] {processor.py:161} INFO - Processing /home/nayara/Downloads/EngDados/PROJTOS/main-code/venv/lib/python3.10/site-packages/airflow/example_dags/example_nested_branch_dag.py took 0.679 seconds
[2022-11-16 22:21:33,294] {processor.py:153} INFO - Started process (PID=11012) to work on /home/nayara/Downloads/EngDados/PROJTOS/main-code/venv/lib/python3.10/site-packages/airflow/example_dags/example_nested_branch_dag.py
[2022-11-16 22:21:33,309] {processor.py:641} INFO - Processing file /home/nayara/Downloads/EngDados/PROJTOS/main-code/venv/lib/python3.10/site-packages/airflow/example_dags/example_nested_branch_dag.py for tasks to queue
[2022-11-16 22:21:33,310] {logging_mixin.py:115} INFO - [2022-11-16 22:21:33,310] {dagbag.py:507} INFO - Filling up the DagBag from /home/nayara/Downloads/EngDados/PROJTOS/main-code/venv/lib/python3.10/site-packages/airflow/example_dags/example_nested_branch_dag.py
[2022-11-16 22:21:33,326] {processor.py:651} INFO - DAG(s) dict_keys(['example_nested_branch_dag']) retrieved from /home/nayara/Downloads/EngDados/PROJTOS/main-code/venv/lib/python3.10/site-packages/airflow/example_dags/example_nested_branch_dag.py
[2022-11-16 22:21:33,348] {logging_mixin.py:115} INFO - [2022-11-16 22:21:33,348] {dag.py:2379} INFO - Sync 1 DAGs
[2022-11-16 22:21:33,374] {logging_mixin.py:115} INFO - [2022-11-16 22:21:33,374] {dag.py:2927} INFO - Setting next_dagrun for example_nested_branch_dag to 2022-11-16T00:00:00+00:00, run_after=2022-11-17T00:00:00+00:00
[2022-11-16 22:21:33,632] {processor.py:161} INFO - Processing /home/nayara/Downloads/EngDados/PROJTOS/main-code/venv/lib/python3.10/site-packages/airflow/example_dags/example_nested_branch_dag.py took 0.345 seconds
[2022-11-16 22:22:16,209] {processor.py:153} INFO - Started process (PID=11140) to work on /home/nayara/Downloads/EngDados/PROJTOS/main-code/venv/lib/python3.10/site-packages/airflow/example_dags/example_nested_branch_dag.py
[2022-11-16 22:22:16,210] {processor.py:641} INFO - Processing file /home/nayara/Downloads/EngDados/PROJTOS/main-code/venv/lib/python3.10/site-packages/airflow/example_dags/example_nested_branch_dag.py for tasks to queue
[2022-11-16 22:22:16,211] {logging_mixin.py:115} INFO - [2022-11-16 22:22:16,211] {dagbag.py:507} INFO - Filling up the DagBag from /home/nayara/Downloads/EngDados/PROJTOS/main-code/venv/lib/python3.10/site-packages/airflow/example_dags/example_nested_branch_dag.py
[2022-11-16 22:22:16,227] {processor.py:651} INFO - DAG(s) dict_keys(['example_nested_branch_dag']) retrieved from /home/nayara/Downloads/EngDados/PROJTOS/main-code/venv/lib/python3.10/site-packages/airflow/example_dags/example_nested_branch_dag.py
[2022-11-16 22:22:16,257] {logging_mixin.py:115} INFO - [2022-11-16 22:22:16,257] {dag.py:2379} INFO - Sync 1 DAGs
[2022-11-16 22:22:16,298] {logging_mixin.py:115} INFO - [2022-11-16 22:22:16,298] {dag.py:2927} INFO - Setting next_dagrun for example_nested_branch_dag to 2022-11-16T00:00:00+00:00, run_after=2022-11-17T00:00:00+00:00
[2022-11-16 22:22:16,507] {processor.py:161} INFO - Processing /home/nayara/Downloads/EngDados/PROJTOS/main-code/venv/lib/python3.10/site-packages/airflow/example_dags/example_nested_branch_dag.py took 0.302 seconds
