[2022-11-16 22:18:23,052] {processor.py:153} INFO - Started process (PID=10725) to work on /home/nayara/Downloads/EngDados/PROJTOS/main-code/venv/lib/python3.10/site-packages/airflow/example_dags/example_skip_dag.py
[2022-11-16 22:18:23,053] {processor.py:641} INFO - Processing file /home/nayara/Downloads/EngDados/PROJTOS/main-code/venv/lib/python3.10/site-packages/airflow/example_dags/example_skip_dag.py for tasks to queue
[2022-11-16 22:18:23,054] {logging_mixin.py:115} INFO - [2022-11-16 22:18:23,054] {dagbag.py:507} INFO - Filling up the DagBag from /home/nayara/Downloads/EngDados/PROJTOS/main-code/venv/lib/python3.10/site-packages/airflow/example_dags/example_skip_dag.py
[2022-11-16 22:18:23,065] {processor.py:651} INFO - DAG(s) dict_keys(['example_skip_dag']) retrieved from /home/nayara/Downloads/EngDados/PROJTOS/main-code/venv/lib/python3.10/site-packages/airflow/example_dags/example_skip_dag.py
[2022-11-16 22:18:23,701] {logging_mixin.py:115} INFO - [2022-11-16 22:18:23,700] {manager.py:508} INFO - Created Permission View: can read on DAG:example_skip_dag
[2022-11-16 22:18:24,006] {logging_mixin.py:115} INFO - [2022-11-16 22:18:24,006] {manager.py:508} INFO - Created Permission View: can edit on DAG:example_skip_dag
[2022-11-16 22:18:24,216] {logging_mixin.py:115} INFO - [2022-11-16 22:18:24,216] {manager.py:508} INFO - Created Permission View: can delete on DAG:example_skip_dag
[2022-11-16 22:18:24,217] {logging_mixin.py:115} INFO - [2022-11-16 22:18:24,217] {dag.py:2379} INFO - Sync 1 DAGs
[2022-11-16 22:18:24,296] {logging_mixin.py:115} INFO - [2022-11-16 22:18:24,295] {dag.py:2398} INFO - Creating ORM DAG for example_skip_dag
[2022-11-16 22:18:24,327] {logging_mixin.py:115} INFO - [2022-11-16 22:18:24,327] {dag.py:2927} INFO - Setting next_dagrun for example_skip_dag to 2022-11-16T01:18:24.326984+00:00, run_after=2022-11-17T01:18:24.326984+00:00
[2022-11-16 22:18:24,703] {processor.py:161} INFO - Processing /home/nayara/Downloads/EngDados/PROJTOS/main-code/venv/lib/python3.10/site-packages/airflow/example_dags/example_skip_dag.py took 1.657 seconds
[2022-11-16 22:20:29,903] {processor.py:153} INFO - Started process (PID=10880) to work on /home/nayara/Downloads/EngDados/PROJTOS/main-code/venv/lib/python3.10/site-packages/airflow/example_dags/example_skip_dag.py
[2022-11-16 22:20:29,963] {processor.py:641} INFO - Processing file /home/nayara/Downloads/EngDados/PROJTOS/main-code/venv/lib/python3.10/site-packages/airflow/example_dags/example_skip_dag.py for tasks to queue
[2022-11-16 22:20:29,965] {logging_mixin.py:115} INFO - [2022-11-16 22:20:29,965] {dagbag.py:507} INFO - Filling up the DagBag from /home/nayara/Downloads/EngDados/PROJTOS/main-code/venv/lib/python3.10/site-packages/airflow/example_dags/example_skip_dag.py
[2022-11-16 22:20:30,150] {processor.py:651} INFO - DAG(s) dict_keys(['example_skip_dag']) retrieved from /home/nayara/Downloads/EngDados/PROJTOS/main-code/venv/lib/python3.10/site-packages/airflow/example_dags/example_skip_dag.py
[2022-11-16 22:20:30,177] {logging_mixin.py:115} INFO - [2022-11-16 22:20:30,177] {dag.py:2379} INFO - Sync 1 DAGs
[2022-11-16 22:20:30,204] {logging_mixin.py:115} INFO - [2022-11-16 22:20:30,204] {dag.py:2927} INFO - Setting next_dagrun for example_skip_dag to 2022-11-16T01:20:30.203818+00:00, run_after=2022-11-17T01:20:30.203818+00:00
[2022-11-16 22:20:30,661] {processor.py:161} INFO - Processing /home/nayara/Downloads/EngDados/PROJTOS/main-code/venv/lib/python3.10/site-packages/airflow/example_dags/example_skip_dag.py took 0.763 seconds
[2022-11-16 22:21:27,536] {processor.py:153} INFO - Started process (PID=11006) to work on /home/nayara/Downloads/EngDados/PROJTOS/main-code/venv/lib/python3.10/site-packages/airflow/example_dags/example_skip_dag.py
[2022-11-16 22:21:27,538] {processor.py:641} INFO - Processing file /home/nayara/Downloads/EngDados/PROJTOS/main-code/venv/lib/python3.10/site-packages/airflow/example_dags/example_skip_dag.py for tasks to queue
[2022-11-16 22:21:27,539] {logging_mixin.py:115} INFO - [2022-11-16 22:21:27,539] {dagbag.py:507} INFO - Filling up the DagBag from /home/nayara/Downloads/EngDados/PROJTOS/main-code/venv/lib/python3.10/site-packages/airflow/example_dags/example_skip_dag.py
[2022-11-16 22:21:27,547] {processor.py:651} INFO - DAG(s) dict_keys(['example_skip_dag']) retrieved from /home/nayara/Downloads/EngDados/PROJTOS/main-code/venv/lib/python3.10/site-packages/airflow/example_dags/example_skip_dag.py
[2022-11-16 22:21:27,572] {logging_mixin.py:115} INFO - [2022-11-16 22:21:27,572] {dag.py:2379} INFO - Sync 1 DAGs
[2022-11-16 22:21:27,599] {logging_mixin.py:115} INFO - [2022-11-16 22:21:27,599] {dag.py:2927} INFO - Setting next_dagrun for example_skip_dag to 2022-11-16T01:21:27.598860+00:00, run_after=2022-11-17T01:21:27.598860+00:00
[2022-11-16 22:21:27,863] {processor.py:161} INFO - Processing /home/nayara/Downloads/EngDados/PROJTOS/main-code/venv/lib/python3.10/site-packages/airflow/example_dags/example_skip_dag.py took 0.334 seconds
[2022-11-16 22:22:10,503] {processor.py:153} INFO - Started process (PID=11123) to work on /home/nayara/Downloads/EngDados/PROJTOS/main-code/venv/lib/python3.10/site-packages/airflow/example_dags/example_skip_dag.py
[2022-11-16 22:22:10,505] {processor.py:641} INFO - Processing file /home/nayara/Downloads/EngDados/PROJTOS/main-code/venv/lib/python3.10/site-packages/airflow/example_dags/example_skip_dag.py for tasks to queue
[2022-11-16 22:22:10,507] {logging_mixin.py:115} INFO - [2022-11-16 22:22:10,507] {dagbag.py:507} INFO - Filling up the DagBag from /home/nayara/Downloads/EngDados/PROJTOS/main-code/venv/lib/python3.10/site-packages/airflow/example_dags/example_skip_dag.py
[2022-11-16 22:22:10,524] {processor.py:651} INFO - DAG(s) dict_keys(['example_skip_dag']) retrieved from /home/nayara/Downloads/EngDados/PROJTOS/main-code/venv/lib/python3.10/site-packages/airflow/example_dags/example_skip_dag.py
[2022-11-16 22:22:10,572] {logging_mixin.py:115} INFO - [2022-11-16 22:22:10,572] {dag.py:2379} INFO - Sync 1 DAGs
[2022-11-16 22:22:10,609] {logging_mixin.py:115} INFO - [2022-11-16 22:22:10,609] {dag.py:2927} INFO - Setting next_dagrun for example_skip_dag to 2022-11-16T01:22:10.608761+00:00, run_after=2022-11-17T01:22:10.608761+00:00
[2022-11-16 22:22:10,876] {processor.py:161} INFO - Processing /home/nayara/Downloads/EngDados/PROJTOS/main-code/venv/lib/python3.10/site-packages/airflow/example_dags/example_skip_dag.py took 0.380 seconds
