[2022-11-16 22:19:05,699] {processor.py:153} INFO - Started process (PID=10751) to work on /home/nayara/Downloads/EngDados/PROJTOS/main-code/venv/lib/python3.10/site-packages/airflow/example_dags/example_branch_python_dop_operator_3.py
[2022-11-16 22:19:05,699] {processor.py:641} INFO - Processing file /home/nayara/Downloads/EngDados/PROJTOS/main-code/venv/lib/python3.10/site-packages/airflow/example_dags/example_branch_python_dop_operator_3.py for tasks to queue
[2022-11-16 22:19:05,700] {logging_mixin.py:115} INFO - [2022-11-16 22:19:05,700] {dagbag.py:507} INFO - Filling up the DagBag from /home/nayara/Downloads/EngDados/PROJTOS/main-code/venv/lib/python3.10/site-packages/airflow/example_dags/example_branch_python_dop_operator_3.py
[2022-11-16 22:19:05,720] {processor.py:651} INFO - DAG(s) dict_keys(['example_branch_dop_operator_v3']) retrieved from /home/nayara/Downloads/EngDados/PROJTOS/main-code/venv/lib/python3.10/site-packages/airflow/example_dags/example_branch_python_dop_operator_3.py
[2022-11-16 22:19:06,607] {logging_mixin.py:115} INFO - [2022-11-16 22:19:06,607] {manager.py:508} INFO - Created Permission View: can read on DAG:example_branch_dop_operator_v3
[2022-11-16 22:19:06,847] {logging_mixin.py:115} INFO - [2022-11-16 22:19:06,846] {manager.py:508} INFO - Created Permission View: can edit on DAG:example_branch_dop_operator_v3
[2022-11-16 22:19:07,055] {logging_mixin.py:115} INFO - [2022-11-16 22:19:07,054] {manager.py:508} INFO - Created Permission View: can delete on DAG:example_branch_dop_operator_v3
[2022-11-16 22:19:07,056] {logging_mixin.py:115} INFO - [2022-11-16 22:19:07,055] {dag.py:2379} INFO - Sync 1 DAGs
[2022-11-16 22:19:07,085] {logging_mixin.py:115} INFO - [2022-11-16 22:19:07,085] {dag.py:2398} INFO - Creating ORM DAG for example_branch_dop_operator_v3
[2022-11-16 22:19:07,116] {logging_mixin.py:115} INFO - [2022-11-16 22:19:07,116] {dag.py:2927} INFO - Setting next_dagrun for example_branch_dop_operator_v3 to 2022-11-17T01:18:00+00:00, run_after=2022-11-17T01:19:00+00:00
[2022-11-16 22:19:07,355] {processor.py:161} INFO - Processing /home/nayara/Downloads/EngDados/PROJTOS/main-code/venv/lib/python3.10/site-packages/airflow/example_dags/example_branch_python_dop_operator_3.py took 1.662 seconds
[2022-11-16 22:21:14,237] {processor.py:153} INFO - Started process (PID=10967) to work on /home/nayara/Downloads/EngDados/PROJTOS/main-code/venv/lib/python3.10/site-packages/airflow/example_dags/example_branch_python_dop_operator_3.py
[2022-11-16 22:21:14,238] {processor.py:641} INFO - Processing file /home/nayara/Downloads/EngDados/PROJTOS/main-code/venv/lib/python3.10/site-packages/airflow/example_dags/example_branch_python_dop_operator_3.py for tasks to queue
[2022-11-16 22:21:14,239] {logging_mixin.py:115} INFO - [2022-11-16 22:21:14,239] {dagbag.py:507} INFO - Filling up the DagBag from /home/nayara/Downloads/EngDados/PROJTOS/main-code/venv/lib/python3.10/site-packages/airflow/example_dags/example_branch_python_dop_operator_3.py
[2022-11-16 22:21:14,254] {processor.py:651} INFO - DAG(s) dict_keys(['example_branch_dop_operator_v3']) retrieved from /home/nayara/Downloads/EngDados/PROJTOS/main-code/venv/lib/python3.10/site-packages/airflow/example_dags/example_branch_python_dop_operator_3.py
[2022-11-16 22:21:14,274] {logging_mixin.py:115} INFO - [2022-11-16 22:21:14,273] {dag.py:2379} INFO - Sync 1 DAGs
[2022-11-16 22:21:14,306] {logging_mixin.py:115} INFO - [2022-11-16 22:21:14,306] {dag.py:2927} INFO - Setting next_dagrun for example_branch_dop_operator_v3 to 2022-11-17T01:20:00+00:00, run_after=2022-11-17T01:21:00+00:00
[2022-11-16 22:21:14,541] {processor.py:161} INFO - Processing /home/nayara/Downloads/EngDados/PROJTOS/main-code/venv/lib/python3.10/site-packages/airflow/example_dags/example_branch_python_dop_operator_3.py took 0.308 seconds
[2022-11-16 22:22:18,834] {processor.py:153} INFO - Started process (PID=11150) to work on /home/nayara/Downloads/EngDados/PROJTOS/main-code/venv/lib/python3.10/site-packages/airflow/example_dags/example_branch_python_dop_operator_3.py
[2022-11-16 22:22:18,852] {processor.py:641} INFO - Processing file /home/nayara/Downloads/EngDados/PROJTOS/main-code/venv/lib/python3.10/site-packages/airflow/example_dags/example_branch_python_dop_operator_3.py for tasks to queue
[2022-11-16 22:22:18,854] {logging_mixin.py:115} INFO - [2022-11-16 22:22:18,853] {dagbag.py:507} INFO - Filling up the DagBag from /home/nayara/Downloads/EngDados/PROJTOS/main-code/venv/lib/python3.10/site-packages/airflow/example_dags/example_branch_python_dop_operator_3.py
[2022-11-16 22:22:18,873] {processor.py:651} INFO - DAG(s) dict_keys(['example_branch_dop_operator_v3']) retrieved from /home/nayara/Downloads/EngDados/PROJTOS/main-code/venv/lib/python3.10/site-packages/airflow/example_dags/example_branch_python_dop_operator_3.py
[2022-11-16 22:22:18,896] {logging_mixin.py:115} INFO - [2022-11-16 22:22:18,896] {dag.py:2379} INFO - Sync 1 DAGs
[2022-11-16 22:22:18,930] {logging_mixin.py:115} INFO - [2022-11-16 22:22:18,930] {dag.py:2927} INFO - Setting next_dagrun for example_branch_dop_operator_v3 to 2022-11-17T01:21:00+00:00, run_after=2022-11-17T01:22:00+00:00
[2022-11-16 22:22:19,145] {processor.py:161} INFO - Processing /home/nayara/Downloads/EngDados/PROJTOS/main-code/venv/lib/python3.10/site-packages/airflow/example_dags/example_branch_python_dop_operator_3.py took 0.317 seconds
