[2022-11-16 22:17:50,536] {processor.py:153} INFO - Started process (PID=10484) to work on /home/nayara/Downloads/EngDados/PROJTOS/main-code/venv/lib/python3.10/site-packages/airflow/example_dags/example_trigger_target_dag.py
[2022-11-16 22:17:50,537] {processor.py:641} INFO - Processing file /home/nayara/Downloads/EngDados/PROJTOS/main-code/venv/lib/python3.10/site-packages/airflow/example_dags/example_trigger_target_dag.py for tasks to queue
[2022-11-16 22:17:50,537] {logging_mixin.py:115} INFO - [2022-11-16 22:17:50,537] {dagbag.py:507} INFO - Filling up the DagBag from /home/nayara/Downloads/EngDados/PROJTOS/main-code/venv/lib/python3.10/site-packages/airflow/example_dags/example_trigger_target_dag.py
[2022-11-16 22:17:50,690] {processor.py:651} INFO - DAG(s) dict_keys(['example_trigger_target_dag']) retrieved from /home/nayara/Downloads/EngDados/PROJTOS/main-code/venv/lib/python3.10/site-packages/airflow/example_dags/example_trigger_target_dag.py
[2022-11-16 22:17:52,144] {logging_mixin.py:115} INFO - [2022-11-16 22:17:52,144] {manager.py:508} INFO - Created Permission View: can read on DAG:example_trigger_target_dag
[2022-11-16 22:17:52,375] {logging_mixin.py:115} INFO - [2022-11-16 22:17:52,375] {manager.py:508} INFO - Created Permission View: can edit on DAG:example_trigger_target_dag
[2022-11-16 22:17:52,637] {logging_mixin.py:115} INFO - [2022-11-16 22:17:52,636] {manager.py:508} INFO - Created Permission View: can delete on DAG:example_trigger_target_dag
[2022-11-16 22:17:52,637] {logging_mixin.py:115} INFO - [2022-11-16 22:17:52,637] {dag.py:2379} INFO - Sync 1 DAGs
[2022-11-16 22:17:52,654] {logging_mixin.py:115} INFO - [2022-11-16 22:17:52,654] {dag.py:2398} INFO - Creating ORM DAG for example_trigger_target_dag
[2022-11-16 22:17:52,671] {logging_mixin.py:115} INFO - [2022-11-16 22:17:52,671] {dag.py:2927} INFO - Setting next_dagrun for example_trigger_target_dag to None, run_after=None
[2022-11-16 22:17:53,062] {processor.py:161} INFO - Processing /home/nayara/Downloads/EngDados/PROJTOS/main-code/venv/lib/python3.10/site-packages/airflow/example_dags/example_trigger_target_dag.py took 2.530 seconds
[2022-11-16 22:19:32,926] {processor.py:153} INFO - Started process (PID=10797) to work on /home/nayara/Downloads/EngDados/PROJTOS/main-code/venv/lib/python3.10/site-packages/airflow/example_dags/example_trigger_target_dag.py
[2022-11-16 22:19:32,939] {processor.py:641} INFO - Processing file /home/nayara/Downloads/EngDados/PROJTOS/main-code/venv/lib/python3.10/site-packages/airflow/example_dags/example_trigger_target_dag.py for tasks to queue
[2022-11-16 22:19:32,940] {logging_mixin.py:115} INFO - [2022-11-16 22:19:32,940] {dagbag.py:507} INFO - Filling up the DagBag from /home/nayara/Downloads/EngDados/PROJTOS/main-code/venv/lib/python3.10/site-packages/airflow/example_dags/example_trigger_target_dag.py
[2022-11-16 22:19:32,974] {processor.py:651} INFO - DAG(s) dict_keys(['example_trigger_target_dag']) retrieved from /home/nayara/Downloads/EngDados/PROJTOS/main-code/venv/lib/python3.10/site-packages/airflow/example_dags/example_trigger_target_dag.py
[2022-11-16 22:19:33,012] {logging_mixin.py:115} INFO - [2022-11-16 22:19:33,012] {dag.py:2379} INFO - Sync 1 DAGs
[2022-11-16 22:19:33,043] {logging_mixin.py:115} INFO - [2022-11-16 22:19:33,043] {dag.py:2927} INFO - Setting next_dagrun for example_trigger_target_dag to None, run_after=None
[2022-11-16 22:19:33,828] {processor.py:161} INFO - Processing /home/nayara/Downloads/EngDados/PROJTOS/main-code/venv/lib/python3.10/site-packages/airflow/example_dags/example_trigger_target_dag.py took 0.908 seconds
[2022-11-16 22:20:59,409] {processor.py:153} INFO - Started process (PID=10936) to work on /home/nayara/Downloads/EngDados/PROJTOS/main-code/venv/lib/python3.10/site-packages/airflow/example_dags/example_trigger_target_dag.py
[2022-11-16 22:20:59,426] {processor.py:641} INFO - Processing file /home/nayara/Downloads/EngDados/PROJTOS/main-code/venv/lib/python3.10/site-packages/airflow/example_dags/example_trigger_target_dag.py for tasks to queue
[2022-11-16 22:20:59,427] {logging_mixin.py:115} INFO - [2022-11-16 22:20:59,427] {dagbag.py:507} INFO - Filling up the DagBag from /home/nayara/Downloads/EngDados/PROJTOS/main-code/venv/lib/python3.10/site-packages/airflow/example_dags/example_trigger_target_dag.py
[2022-11-16 22:20:59,452] {processor.py:651} INFO - DAG(s) dict_keys(['example_trigger_target_dag']) retrieved from /home/nayara/Downloads/EngDados/PROJTOS/main-code/venv/lib/python3.10/site-packages/airflow/example_dags/example_trigger_target_dag.py
[2022-11-16 22:20:59,475] {logging_mixin.py:115} INFO - [2022-11-16 22:20:59,475] {dag.py:2379} INFO - Sync 1 DAGs
[2022-11-16 22:20:59,504] {logging_mixin.py:115} INFO - [2022-11-16 22:20:59,504] {dag.py:2927} INFO - Setting next_dagrun for example_trigger_target_dag to None, run_after=None
[2022-11-16 22:20:59,768] {processor.py:161} INFO - Processing /home/nayara/Downloads/EngDados/PROJTOS/main-code/venv/lib/python3.10/site-packages/airflow/example_dags/example_trigger_target_dag.py took 0.364 seconds
[2022-11-16 22:21:48,096] {processor.py:153} INFO - Started process (PID=11059) to work on /home/nayara/Downloads/EngDados/PROJTOS/main-code/venv/lib/python3.10/site-packages/airflow/example_dags/example_trigger_target_dag.py
[2022-11-16 22:21:48,122] {processor.py:641} INFO - Processing file /home/nayara/Downloads/EngDados/PROJTOS/main-code/venv/lib/python3.10/site-packages/airflow/example_dags/example_trigger_target_dag.py for tasks to queue
[2022-11-16 22:21:48,123] {logging_mixin.py:115} INFO - [2022-11-16 22:21:48,123] {dagbag.py:507} INFO - Filling up the DagBag from /home/nayara/Downloads/EngDados/PROJTOS/main-code/venv/lib/python3.10/site-packages/airflow/example_dags/example_trigger_target_dag.py
[2022-11-16 22:21:48,147] {processor.py:651} INFO - DAG(s) dict_keys(['example_trigger_target_dag']) retrieved from /home/nayara/Downloads/EngDados/PROJTOS/main-code/venv/lib/python3.10/site-packages/airflow/example_dags/example_trigger_target_dag.py
[2022-11-16 22:21:48,171] {logging_mixin.py:115} INFO - [2022-11-16 22:21:48,171] {dag.py:2379} INFO - Sync 1 DAGs
[2022-11-16 22:21:48,198] {logging_mixin.py:115} INFO - [2022-11-16 22:21:48,197] {dag.py:2927} INFO - Setting next_dagrun for example_trigger_target_dag to None, run_after=None
[2022-11-16 22:21:48,881] {processor.py:161} INFO - Processing /home/nayara/Downloads/EngDados/PROJTOS/main-code/venv/lib/python3.10/site-packages/airflow/example_dags/example_trigger_target_dag.py took 0.792 seconds
