[2022-11-16 22:18:54,170] {processor.py:153} INFO - Started process (PID=10743) to work on /home/nayara/Downloads/EngDados/PROJTOS/main-code/venv/lib/python3.10/site-packages/airflow/example_dags/example_external_task_marker_dag.py
[2022-11-16 22:18:54,171] {processor.py:641} INFO - Processing file /home/nayara/Downloads/EngDados/PROJTOS/main-code/venv/lib/python3.10/site-packages/airflow/example_dags/example_external_task_marker_dag.py for tasks to queue
[2022-11-16 22:18:54,172] {logging_mixin.py:115} INFO - [2022-11-16 22:18:54,172] {dagbag.py:507} INFO - Filling up the DagBag from /home/nayara/Downloads/EngDados/PROJTOS/main-code/venv/lib/python3.10/site-packages/airflow/example_dags/example_external_task_marker_dag.py
[2022-11-16 22:18:54,189] {processor.py:651} INFO - DAG(s) dict_keys(['example_external_task_marker_parent', 'example_external_task_marker_child']) retrieved from /home/nayara/Downloads/EngDados/PROJTOS/main-code/venv/lib/python3.10/site-packages/airflow/example_dags/example_external_task_marker_dag.py
[2022-11-16 22:18:54,888] {logging_mixin.py:115} INFO - [2022-11-16 22:18:54,888] {manager.py:508} INFO - Created Permission View: can read on DAG:example_external_task_marker_parent
[2022-11-16 22:18:55,137] {logging_mixin.py:115} INFO - [2022-11-16 22:18:55,137] {manager.py:508} INFO - Created Permission View: can edit on DAG:example_external_task_marker_parent
[2022-11-16 22:18:55,624] {logging_mixin.py:115} INFO - [2022-11-16 22:18:55,623] {manager.py:508} INFO - Created Permission View: can delete on DAG:example_external_task_marker_parent
[2022-11-16 22:18:56,293] {logging_mixin.py:115} INFO - [2022-11-16 22:18:56,292] {manager.py:508} INFO - Created Permission View: can read on DAG:example_external_task_marker_child
[2022-11-16 22:18:56,512] {logging_mixin.py:115} INFO - [2022-11-16 22:18:56,511] {manager.py:508} INFO - Created Permission View: can edit on DAG:example_external_task_marker_child
[2022-11-16 22:18:56,729] {logging_mixin.py:115} INFO - [2022-11-16 22:18:56,728] {manager.py:508} INFO - Created Permission View: can delete on DAG:example_external_task_marker_child
[2022-11-16 22:18:56,729] {logging_mixin.py:115} INFO - [2022-11-16 22:18:56,729] {dag.py:2379} INFO - Sync 2 DAGs
[2022-11-16 22:18:56,755] {logging_mixin.py:115} INFO - [2022-11-16 22:18:56,755] {dag.py:2398} INFO - Creating ORM DAG for example_external_task_marker_child
[2022-11-16 22:18:56,756] {logging_mixin.py:115} INFO - [2022-11-16 22:18:56,756] {dag.py:2398} INFO - Creating ORM DAG for example_external_task_marker_parent
[2022-11-16 22:18:56,790] {logging_mixin.py:115} INFO - [2022-11-16 22:18:56,790] {dag.py:2927} INFO - Setting next_dagrun for example_external_task_marker_child to None, run_after=None
[2022-11-16 22:18:56,792] {logging_mixin.py:115} INFO - [2022-11-16 22:18:56,791] {dag.py:2927} INFO - Setting next_dagrun for example_external_task_marker_parent to None, run_after=None
[2022-11-16 22:18:57,207] {processor.py:161} INFO - Processing /home/nayara/Downloads/EngDados/PROJTOS/main-code/venv/lib/python3.10/site-packages/airflow/example_dags/example_external_task_marker_dag.py took 3.048 seconds
[2022-11-16 22:20:54,147] {processor.py:153} INFO - Started process (PID=10930) to work on /home/nayara/Downloads/EngDados/PROJTOS/main-code/venv/lib/python3.10/site-packages/airflow/example_dags/example_external_task_marker_dag.py
[2022-11-16 22:20:54,163] {processor.py:641} INFO - Processing file /home/nayara/Downloads/EngDados/PROJTOS/main-code/venv/lib/python3.10/site-packages/airflow/example_dags/example_external_task_marker_dag.py for tasks to queue
[2022-11-16 22:20:54,164] {logging_mixin.py:115} INFO - [2022-11-16 22:20:54,164] {dagbag.py:507} INFO - Filling up the DagBag from /home/nayara/Downloads/EngDados/PROJTOS/main-code/venv/lib/python3.10/site-packages/airflow/example_dags/example_external_task_marker_dag.py
[2022-11-16 22:20:54,170] {processor.py:651} INFO - DAG(s) dict_keys(['example_external_task_marker_parent', 'example_external_task_marker_child']) retrieved from /home/nayara/Downloads/EngDados/PROJTOS/main-code/venv/lib/python3.10/site-packages/airflow/example_dags/example_external_task_marker_dag.py
[2022-11-16 22:20:54,206] {logging_mixin.py:115} INFO - [2022-11-16 22:20:54,205] {dag.py:2379} INFO - Sync 2 DAGs
[2022-11-16 22:20:54,233] {logging_mixin.py:115} INFO - [2022-11-16 22:20:54,233] {dag.py:2927} INFO - Setting next_dagrun for example_external_task_marker_child to None, run_after=None
[2022-11-16 22:20:54,233] {logging_mixin.py:115} INFO - [2022-11-16 22:20:54,233] {dag.py:2927} INFO - Setting next_dagrun for example_external_task_marker_parent to None, run_after=None
[2022-11-16 22:20:54,459] {processor.py:161} INFO - Processing /home/nayara/Downloads/EngDados/PROJTOS/main-code/venv/lib/python3.10/site-packages/airflow/example_dags/example_external_task_marker_dag.py took 0.320 seconds
[2022-11-16 22:21:42,983] {processor.py:153} INFO - Started process (PID=11029) to work on /home/nayara/Downloads/EngDados/PROJTOS/main-code/venv/lib/python3.10/site-packages/airflow/example_dags/example_external_task_marker_dag.py
[2022-11-16 22:21:43,018] {processor.py:641} INFO - Processing file /home/nayara/Downloads/EngDados/PROJTOS/main-code/venv/lib/python3.10/site-packages/airflow/example_dags/example_external_task_marker_dag.py for tasks to queue
[2022-11-16 22:21:43,020] {logging_mixin.py:115} INFO - [2022-11-16 22:21:43,020] {dagbag.py:507} INFO - Filling up the DagBag from /home/nayara/Downloads/EngDados/PROJTOS/main-code/venv/lib/python3.10/site-packages/airflow/example_dags/example_external_task_marker_dag.py
[2022-11-16 22:21:43,039] {processor.py:651} INFO - DAG(s) dict_keys(['example_external_task_marker_parent', 'example_external_task_marker_child']) retrieved from /home/nayara/Downloads/EngDados/PROJTOS/main-code/venv/lib/python3.10/site-packages/airflow/example_dags/example_external_task_marker_dag.py
[2022-11-16 22:21:43,123] {logging_mixin.py:115} INFO - [2022-11-16 22:21:43,122] {dag.py:2379} INFO - Sync 2 DAGs
[2022-11-16 22:21:43,156] {logging_mixin.py:115} INFO - [2022-11-16 22:21:43,156] {dag.py:2927} INFO - Setting next_dagrun for example_external_task_marker_child to None, run_after=None
[2022-11-16 22:21:43,156] {logging_mixin.py:115} INFO - [2022-11-16 22:21:43,156] {dag.py:2927} INFO - Setting next_dagrun for example_external_task_marker_parent to None, run_after=None
[2022-11-16 22:21:43,404] {processor.py:161} INFO - Processing /home/nayara/Downloads/EngDados/PROJTOS/main-code/venv/lib/python3.10/site-packages/airflow/example_dags/example_external_task_marker_dag.py took 0.432 seconds
