[2022-11-16 22:18:58,557] {processor.py:153} INFO - Started process (PID=10746) to work on /home/nayara/Downloads/EngDados/PROJTOS/main-code/venv/lib/python3.10/site-packages/airflow/example_dags/example_branch_operator_decorator.py
[2022-11-16 22:18:58,559] {processor.py:641} INFO - Processing file /home/nayara/Downloads/EngDados/PROJTOS/main-code/venv/lib/python3.10/site-packages/airflow/example_dags/example_branch_operator_decorator.py for tasks to queue
[2022-11-16 22:18:58,562] {logging_mixin.py:115} INFO - [2022-11-16 22:18:58,561] {dagbag.py:507} INFO - Filling up the DagBag from /home/nayara/Downloads/EngDados/PROJTOS/main-code/venv/lib/python3.10/site-packages/airflow/example_dags/example_branch_operator_decorator.py
[2022-11-16 22:18:58,617] {processor.py:651} INFO - DAG(s) dict_keys(['example_branch_python_operator_decorator']) retrieved from /home/nayara/Downloads/EngDados/PROJTOS/main-code/venv/lib/python3.10/site-packages/airflow/example_dags/example_branch_operator_decorator.py
[2022-11-16 22:18:59,258] {logging_mixin.py:115} INFO - [2022-11-16 22:18:59,257] {manager.py:508} INFO - Created Permission View: can read on DAG:example_branch_python_operator_decorator
[2022-11-16 22:18:59,620] {logging_mixin.py:115} INFO - [2022-11-16 22:18:59,620] {manager.py:508} INFO - Created Permission View: can edit on DAG:example_branch_python_operator_decorator
[2022-11-16 22:18:59,867] {logging_mixin.py:115} INFO - [2022-11-16 22:18:59,865] {manager.py:508} INFO - Created Permission View: can delete on DAG:example_branch_python_operator_decorator
[2022-11-16 22:18:59,868] {logging_mixin.py:115} INFO - [2022-11-16 22:18:59,868] {dag.py:2379} INFO - Sync 1 DAGs
[2022-11-16 22:18:59,905] {logging_mixin.py:115} INFO - [2022-11-16 22:18:59,905] {dag.py:2398} INFO - Creating ORM DAG for example_branch_python_operator_decorator
[2022-11-16 22:18:59,929] {logging_mixin.py:115} INFO - [2022-11-16 22:18:59,929] {dag.py:2927} INFO - Setting next_dagrun for example_branch_python_operator_decorator to 2022-11-16T00:00:00+00:00, run_after=2022-11-17T00:00:00+00:00
[2022-11-16 22:19:00,304] {processor.py:161} INFO - Processing /home/nayara/Downloads/EngDados/PROJTOS/main-code/venv/lib/python3.10/site-packages/airflow/example_dags/example_branch_operator_decorator.py took 1.764 seconds
[2022-11-16 22:21:09,688] {processor.py:153} INFO - Started process (PID=10959) to work on /home/nayara/Downloads/EngDados/PROJTOS/main-code/venv/lib/python3.10/site-packages/airflow/example_dags/example_branch_operator_decorator.py
[2022-11-16 22:21:09,704] {processor.py:641} INFO - Processing file /home/nayara/Downloads/EngDados/PROJTOS/main-code/venv/lib/python3.10/site-packages/airflow/example_dags/example_branch_operator_decorator.py for tasks to queue
[2022-11-16 22:21:09,705] {logging_mixin.py:115} INFO - [2022-11-16 22:21:09,705] {dagbag.py:507} INFO - Filling up the DagBag from /home/nayara/Downloads/EngDados/PROJTOS/main-code/venv/lib/python3.10/site-packages/airflow/example_dags/example_branch_operator_decorator.py
[2022-11-16 22:21:09,777] {processor.py:651} INFO - DAG(s) dict_keys(['example_branch_python_operator_decorator']) retrieved from /home/nayara/Downloads/EngDados/PROJTOS/main-code/venv/lib/python3.10/site-packages/airflow/example_dags/example_branch_operator_decorator.py
[2022-11-16 22:21:09,801] {logging_mixin.py:115} INFO - [2022-11-16 22:21:09,801] {dag.py:2379} INFO - Sync 1 DAGs
[2022-11-16 22:21:09,831] {logging_mixin.py:115} INFO - [2022-11-16 22:21:09,830] {dag.py:2927} INFO - Setting next_dagrun for example_branch_python_operator_decorator to 2022-11-16T00:00:00+00:00, run_after=2022-11-17T00:00:00+00:00
[2022-11-16 22:21:10,102] {processor.py:161} INFO - Processing /home/nayara/Downloads/EngDados/PROJTOS/main-code/venv/lib/python3.10/site-packages/airflow/example_dags/example_branch_operator_decorator.py took 0.419 seconds
[2022-11-16 22:22:00,866] {processor.py:153} INFO - Started process (PID=11091) to work on /home/nayara/Downloads/EngDados/PROJTOS/main-code/venv/lib/python3.10/site-packages/airflow/example_dags/example_branch_operator_decorator.py
[2022-11-16 22:22:00,906] {processor.py:641} INFO - Processing file /home/nayara/Downloads/EngDados/PROJTOS/main-code/venv/lib/python3.10/site-packages/airflow/example_dags/example_branch_operator_decorator.py for tasks to queue
[2022-11-16 22:22:00,908] {logging_mixin.py:115} INFO - [2022-11-16 22:22:00,908] {dagbag.py:507} INFO - Filling up the DagBag from /home/nayara/Downloads/EngDados/PROJTOS/main-code/venv/lib/python3.10/site-packages/airflow/example_dags/example_branch_operator_decorator.py
[2022-11-16 22:22:00,994] {processor.py:651} INFO - DAG(s) dict_keys(['example_branch_python_operator_decorator']) retrieved from /home/nayara/Downloads/EngDados/PROJTOS/main-code/venv/lib/python3.10/site-packages/airflow/example_dags/example_branch_operator_decorator.py
[2022-11-16 22:22:01,027] {logging_mixin.py:115} INFO - [2022-11-16 22:22:01,027] {dag.py:2379} INFO - Sync 1 DAGs
[2022-11-16 22:22:01,067] {logging_mixin.py:115} INFO - [2022-11-16 22:22:01,067] {dag.py:2927} INFO - Setting next_dagrun for example_branch_python_operator_decorator to 2022-11-16T00:00:00+00:00, run_after=2022-11-17T00:00:00+00:00
[2022-11-16 22:22:01,328] {processor.py:161} INFO - Processing /home/nayara/Downloads/EngDados/PROJTOS/main-code/venv/lib/python3.10/site-packages/airflow/example_dags/example_branch_operator_decorator.py took 0.467 seconds
