[2022-11-16 22:18:26,072] {processor.py:153} INFO - Started process (PID=10726) to work on /home/nayara/Downloads/EngDados/PROJTOS/main-code/venv/lib/python3.10/site-packages/airflow/example_dags/example_task_group.py
[2022-11-16 22:18:26,074] {processor.py:641} INFO - Processing file /home/nayara/Downloads/EngDados/PROJTOS/main-code/venv/lib/python3.10/site-packages/airflow/example_dags/example_task_group.py for tasks to queue
[2022-11-16 22:18:26,075] {logging_mixin.py:115} INFO - [2022-11-16 22:18:26,075] {dagbag.py:507} INFO - Filling up the DagBag from /home/nayara/Downloads/EngDados/PROJTOS/main-code/venv/lib/python3.10/site-packages/airflow/example_dags/example_task_group.py
[2022-11-16 22:18:26,095] {processor.py:651} INFO - DAG(s) dict_keys(['example_task_group']) retrieved from /home/nayara/Downloads/EngDados/PROJTOS/main-code/venv/lib/python3.10/site-packages/airflow/example_dags/example_task_group.py
[2022-11-16 22:18:26,891] {logging_mixin.py:115} INFO - [2022-11-16 22:18:26,890] {manager.py:508} INFO - Created Permission View: can read on DAG:example_task_group
[2022-11-16 22:18:27,157] {logging_mixin.py:115} INFO - [2022-11-16 22:18:27,156] {manager.py:508} INFO - Created Permission View: can edit on DAG:example_task_group
[2022-11-16 22:18:27,386] {logging_mixin.py:115} INFO - [2022-11-16 22:18:27,385] {manager.py:508} INFO - Created Permission View: can delete on DAG:example_task_group
[2022-11-16 22:18:27,388] {logging_mixin.py:115} INFO - [2022-11-16 22:18:27,387] {dag.py:2379} INFO - Sync 1 DAGs
[2022-11-16 22:18:27,479] {logging_mixin.py:115} INFO - [2022-11-16 22:18:27,479] {dag.py:2398} INFO - Creating ORM DAG for example_task_group
[2022-11-16 22:18:27,766] {logging_mixin.py:115} INFO - [2022-11-16 22:18:27,765] {dag.py:2927} INFO - Setting next_dagrun for example_task_group to 2022-11-16T01:18:27.763079+00:00, run_after=2022-11-17T01:18:27.763079+00:00
[2022-11-16 22:18:28,130] {processor.py:161} INFO - Processing /home/nayara/Downloads/EngDados/PROJTOS/main-code/venv/lib/python3.10/site-packages/airflow/example_dags/example_task_group.py took 2.072 seconds
[2022-11-16 22:20:31,756] {processor.py:153} INFO - Started process (PID=10881) to work on /home/nayara/Downloads/EngDados/PROJTOS/main-code/venv/lib/python3.10/site-packages/airflow/example_dags/example_task_group.py
[2022-11-16 22:20:31,818] {processor.py:641} INFO - Processing file /home/nayara/Downloads/EngDados/PROJTOS/main-code/venv/lib/python3.10/site-packages/airflow/example_dags/example_task_group.py for tasks to queue
[2022-11-16 22:20:31,827] {logging_mixin.py:115} INFO - [2022-11-16 22:20:31,826] {dagbag.py:507} INFO - Filling up the DagBag from /home/nayara/Downloads/EngDados/PROJTOS/main-code/venv/lib/python3.10/site-packages/airflow/example_dags/example_task_group.py
[2022-11-16 22:20:32,204] {processor.py:651} INFO - DAG(s) dict_keys(['example_task_group']) retrieved from /home/nayara/Downloads/EngDados/PROJTOS/main-code/venv/lib/python3.10/site-packages/airflow/example_dags/example_task_group.py
[2022-11-16 22:20:32,980] {logging_mixin.py:115} INFO - [2022-11-16 22:20:32,980] {dag.py:2379} INFO - Sync 1 DAGs
[2022-11-16 22:20:33,018] {logging_mixin.py:115} INFO - [2022-11-16 22:20:33,017] {dag.py:2927} INFO - Setting next_dagrun for example_task_group to 2022-11-16T01:20:33.017549+00:00, run_after=2022-11-17T01:20:33.017549+00:00
[2022-11-16 22:20:33,647] {processor.py:161} INFO - Processing /home/nayara/Downloads/EngDados/PROJTOS/main-code/venv/lib/python3.10/site-packages/airflow/example_dags/example_task_group.py took 1.898 seconds
[2022-11-16 22:21:29,291] {processor.py:153} INFO - Started process (PID=11007) to work on /home/nayara/Downloads/EngDados/PROJTOS/main-code/venv/lib/python3.10/site-packages/airflow/example_dags/example_task_group.py
[2022-11-16 22:21:29,292] {processor.py:641} INFO - Processing file /home/nayara/Downloads/EngDados/PROJTOS/main-code/venv/lib/python3.10/site-packages/airflow/example_dags/example_task_group.py for tasks to queue
[2022-11-16 22:21:29,293] {logging_mixin.py:115} INFO - [2022-11-16 22:21:29,292] {dagbag.py:507} INFO - Filling up the DagBag from /home/nayara/Downloads/EngDados/PROJTOS/main-code/venv/lib/python3.10/site-packages/airflow/example_dags/example_task_group.py
[2022-11-16 22:21:29,302] {processor.py:651} INFO - DAG(s) dict_keys(['example_task_group']) retrieved from /home/nayara/Downloads/EngDados/PROJTOS/main-code/venv/lib/python3.10/site-packages/airflow/example_dags/example_task_group.py
[2022-11-16 22:21:29,326] {logging_mixin.py:115} INFO - [2022-11-16 22:21:29,325] {dag.py:2379} INFO - Sync 1 DAGs
[2022-11-16 22:21:29,352] {logging_mixin.py:115} INFO - [2022-11-16 22:21:29,352] {dag.py:2927} INFO - Setting next_dagrun for example_task_group to 2022-11-16T01:21:29.352344+00:00, run_after=2022-11-17T01:21:29.352344+00:00
[2022-11-16 22:21:29,655] {processor.py:161} INFO - Processing /home/nayara/Downloads/EngDados/PROJTOS/main-code/venv/lib/python3.10/site-packages/airflow/example_dags/example_task_group.py took 0.369 seconds
[2022-11-16 22:22:11,945] {processor.py:153} INFO - Started process (PID=11129) to work on /home/nayara/Downloads/EngDados/PROJTOS/main-code/venv/lib/python3.10/site-packages/airflow/example_dags/example_task_group.py
[2022-11-16 22:22:12,017] {processor.py:641} INFO - Processing file /home/nayara/Downloads/EngDados/PROJTOS/main-code/venv/lib/python3.10/site-packages/airflow/example_dags/example_task_group.py for tasks to queue
[2022-11-16 22:22:12,020] {logging_mixin.py:115} INFO - [2022-11-16 22:22:12,020] {dagbag.py:507} INFO - Filling up the DagBag from /home/nayara/Downloads/EngDados/PROJTOS/main-code/venv/lib/python3.10/site-packages/airflow/example_dags/example_task_group.py
[2022-11-16 22:22:12,038] {processor.py:651} INFO - DAG(s) dict_keys(['example_task_group']) retrieved from /home/nayara/Downloads/EngDados/PROJTOS/main-code/venv/lib/python3.10/site-packages/airflow/example_dags/example_task_group.py
[2022-11-16 22:22:12,194] {logging_mixin.py:115} INFO - [2022-11-16 22:22:12,193] {dag.py:2379} INFO - Sync 1 DAGs
[2022-11-16 22:22:12,222] {logging_mixin.py:115} INFO - [2022-11-16 22:22:12,222] {dag.py:2927} INFO - Setting next_dagrun for example_task_group to 2022-11-16T01:22:12.221982+00:00, run_after=2022-11-17T01:22:12.221982+00:00
[2022-11-16 22:22:12,422] {processor.py:161} INFO - Processing /home/nayara/Downloads/EngDados/PROJTOS/main-code/venv/lib/python3.10/site-packages/airflow/example_dags/example_task_group.py took 0.481 seconds
