[2022-11-16 22:18:32,574] {processor.py:153} INFO - Started process (PID=10730) to work on /home/nayara/Downloads/EngDados/PROJTOS/main-code/venv/lib/python3.10/site-packages/airflow/example_dags/example_python_operator.py
[2022-11-16 22:18:32,576] {processor.py:641} INFO - Processing file /home/nayara/Downloads/EngDados/PROJTOS/main-code/venv/lib/python3.10/site-packages/airflow/example_dags/example_python_operator.py for tasks to queue
[2022-11-16 22:18:32,577] {logging_mixin.py:115} INFO - [2022-11-16 22:18:32,577] {dagbag.py:507} INFO - Filling up the DagBag from /home/nayara/Downloads/EngDados/PROJTOS/main-code/venv/lib/python3.10/site-packages/airflow/example_dags/example_python_operator.py
[2022-11-16 22:18:32,639] {processor.py:651} INFO - DAG(s) dict_keys(['example_python_operator']) retrieved from /home/nayara/Downloads/EngDados/PROJTOS/main-code/venv/lib/python3.10/site-packages/airflow/example_dags/example_python_operator.py
[2022-11-16 22:18:33,211] {logging_mixin.py:115} INFO - [2022-11-16 22:18:33,211] {manager.py:508} INFO - Created Permission View: can read on DAG:example_python_operator
[2022-11-16 22:18:33,486] {logging_mixin.py:115} INFO - [2022-11-16 22:18:33,485] {manager.py:508} INFO - Created Permission View: can edit on DAG:example_python_operator
[2022-11-16 22:18:33,758] {logging_mixin.py:115} INFO - [2022-11-16 22:18:33,758] {manager.py:508} INFO - Created Permission View: can delete on DAG:example_python_operator
[2022-11-16 22:18:33,759] {logging_mixin.py:115} INFO - [2022-11-16 22:18:33,758] {dag.py:2379} INFO - Sync 1 DAGs
[2022-11-16 22:18:33,771] {logging_mixin.py:115} INFO - [2022-11-16 22:18:33,771] {dag.py:2398} INFO - Creating ORM DAG for example_python_operator
[2022-11-16 22:18:33,787] {logging_mixin.py:115} INFO - [2022-11-16 22:18:33,786] {dag.py:2927} INFO - Setting next_dagrun for example_python_operator to None, run_after=None
[2022-11-16 22:18:34,287] {processor.py:161} INFO - Processing /home/nayara/Downloads/EngDados/PROJTOS/main-code/venv/lib/python3.10/site-packages/airflow/example_dags/example_python_operator.py took 1.726 seconds
[2022-11-16 22:20:36,948] {processor.py:153} INFO - Started process (PID=10903) to work on /home/nayara/Downloads/EngDados/PROJTOS/main-code/venv/lib/python3.10/site-packages/airflow/example_dags/example_python_operator.py
[2022-11-16 22:20:36,999] {processor.py:641} INFO - Processing file /home/nayara/Downloads/EngDados/PROJTOS/main-code/venv/lib/python3.10/site-packages/airflow/example_dags/example_python_operator.py for tasks to queue
[2022-11-16 22:20:37,000] {logging_mixin.py:115} INFO - [2022-11-16 22:20:37,000] {dagbag.py:507} INFO - Filling up the DagBag from /home/nayara/Downloads/EngDados/PROJTOS/main-code/venv/lib/python3.10/site-packages/airflow/example_dags/example_python_operator.py
[2022-11-16 22:20:37,082] {processor.py:651} INFO - DAG(s) dict_keys(['example_python_operator']) retrieved from /home/nayara/Downloads/EngDados/PROJTOS/main-code/venv/lib/python3.10/site-packages/airflow/example_dags/example_python_operator.py
[2022-11-16 22:20:37,107] {logging_mixin.py:115} INFO - [2022-11-16 22:20:37,107] {dag.py:2379} INFO - Sync 1 DAGs
[2022-11-16 22:20:37,136] {logging_mixin.py:115} INFO - [2022-11-16 22:20:37,136] {dag.py:2927} INFO - Setting next_dagrun for example_python_operator to None, run_after=None
[2022-11-16 22:20:38,022] {processor.py:161} INFO - Processing /home/nayara/Downloads/EngDados/PROJTOS/main-code/venv/lib/python3.10/site-packages/airflow/example_dags/example_python_operator.py took 1.080 seconds
[2022-11-16 22:21:32,621] {processor.py:153} INFO - Started process (PID=11011) to work on /home/nayara/Downloads/EngDados/PROJTOS/main-code/venv/lib/python3.10/site-packages/airflow/example_dags/example_python_operator.py
[2022-11-16 22:21:32,622] {processor.py:641} INFO - Processing file /home/nayara/Downloads/EngDados/PROJTOS/main-code/venv/lib/python3.10/site-packages/airflow/example_dags/example_python_operator.py for tasks to queue
[2022-11-16 22:21:32,623] {logging_mixin.py:115} INFO - [2022-11-16 22:21:32,623] {dagbag.py:507} INFO - Filling up the DagBag from /home/nayara/Downloads/EngDados/PROJTOS/main-code/venv/lib/python3.10/site-packages/airflow/example_dags/example_python_operator.py
[2022-11-16 22:21:32,652] {processor.py:651} INFO - DAG(s) dict_keys(['example_python_operator']) retrieved from /home/nayara/Downloads/EngDados/PROJTOS/main-code/venv/lib/python3.10/site-packages/airflow/example_dags/example_python_operator.py
[2022-11-16 22:21:32,674] {logging_mixin.py:115} INFO - [2022-11-16 22:21:32,674] {dag.py:2379} INFO - Sync 1 DAGs
[2022-11-16 22:21:32,700] {logging_mixin.py:115} INFO - [2022-11-16 22:21:32,700] {dag.py:2927} INFO - Setting next_dagrun for example_python_operator to None, run_after=None
[2022-11-16 22:21:32,927] {processor.py:161} INFO - Processing /home/nayara/Downloads/EngDados/PROJTOS/main-code/venv/lib/python3.10/site-packages/airflow/example_dags/example_python_operator.py took 0.311 seconds
[2022-11-16 22:22:14,571] {processor.py:153} INFO - Started process (PID=11138) to work on /home/nayara/Downloads/EngDados/PROJTOS/main-code/venv/lib/python3.10/site-packages/airflow/example_dags/example_python_operator.py
[2022-11-16 22:22:14,573] {processor.py:641} INFO - Processing file /home/nayara/Downloads/EngDados/PROJTOS/main-code/venv/lib/python3.10/site-packages/airflow/example_dags/example_python_operator.py for tasks to queue
[2022-11-16 22:22:14,575] {logging_mixin.py:115} INFO - [2022-11-16 22:22:14,575] {dagbag.py:507} INFO - Filling up the DagBag from /home/nayara/Downloads/EngDados/PROJTOS/main-code/venv/lib/python3.10/site-packages/airflow/example_dags/example_python_operator.py
[2022-11-16 22:22:14,624] {processor.py:651} INFO - DAG(s) dict_keys(['example_python_operator']) retrieved from /home/nayara/Downloads/EngDados/PROJTOS/main-code/venv/lib/python3.10/site-packages/airflow/example_dags/example_python_operator.py
[2022-11-16 22:22:14,646] {logging_mixin.py:115} INFO - [2022-11-16 22:22:14,646] {dag.py:2379} INFO - Sync 1 DAGs
[2022-11-16 22:22:14,674] {logging_mixin.py:115} INFO - [2022-11-16 22:22:14,674] {dag.py:2927} INFO - Setting next_dagrun for example_python_operator to None, run_after=None
[2022-11-16 22:22:14,930] {processor.py:161} INFO - Processing /home/nayara/Downloads/EngDados/PROJTOS/main-code/venv/lib/python3.10/site-packages/airflow/example_dags/example_python_operator.py took 0.368 seconds
