[2022-11-16 22:18:01,849] {processor.py:153} INFO - Started process (PID=10602) to work on /home/nayara/Downloads/EngDados/PROJTOS/main-code/venv/lib/python3.10/site-packages/airflow/example_dags/example_task_group_decorator.py
[2022-11-16 22:18:01,859] {processor.py:641} INFO - Processing file /home/nayara/Downloads/EngDados/PROJTOS/main-code/venv/lib/python3.10/site-packages/airflow/example_dags/example_task_group_decorator.py for tasks to queue
[2022-11-16 22:18:01,860] {logging_mixin.py:115} INFO - [2022-11-16 22:18:01,860] {dagbag.py:507} INFO - Filling up the DagBag from /home/nayara/Downloads/EngDados/PROJTOS/main-code/venv/lib/python3.10/site-packages/airflow/example_dags/example_task_group_decorator.py
[2022-11-16 22:18:02,011] {processor.py:651} INFO - DAG(s) dict_keys(['example_task_group_decorator']) retrieved from /home/nayara/Downloads/EngDados/PROJTOS/main-code/venv/lib/python3.10/site-packages/airflow/example_dags/example_task_group_decorator.py
[2022-11-16 22:18:02,837] {logging_mixin.py:115} INFO - [2022-11-16 22:18:02,836] {manager.py:508} INFO - Created Permission View: can read on DAG:example_task_group_decorator
[2022-11-16 22:18:03,124] {logging_mixin.py:115} INFO - [2022-11-16 22:18:03,123] {manager.py:508} INFO - Created Permission View: can edit on DAG:example_task_group_decorator
[2022-11-16 22:18:03,418] {logging_mixin.py:115} INFO - [2022-11-16 22:18:03,417] {manager.py:508} INFO - Created Permission View: can delete on DAG:example_task_group_decorator
[2022-11-16 22:18:03,418] {logging_mixin.py:115} INFO - [2022-11-16 22:18:03,418] {dag.py:2379} INFO - Sync 1 DAGs
[2022-11-16 22:18:03,451] {logging_mixin.py:115} INFO - [2022-11-16 22:18:03,451] {dag.py:2398} INFO - Creating ORM DAG for example_task_group_decorator
[2022-11-16 22:18:03,487] {logging_mixin.py:115} INFO - [2022-11-16 22:18:03,487] {dag.py:2927} INFO - Setting next_dagrun for example_task_group_decorator to 2022-11-16T01:18:03.486436+00:00, run_after=2022-11-17T01:18:03.486436+00:00
[2022-11-16 22:18:03,899] {processor.py:161} INFO - Processing /home/nayara/Downloads/EngDados/PROJTOS/main-code/venv/lib/python3.10/site-packages/airflow/example_dags/example_task_group_decorator.py took 2.063 seconds
[2022-11-16 22:20:14,756] {processor.py:153} INFO - Started process (PID=10839) to work on /home/nayara/Downloads/EngDados/PROJTOS/main-code/venv/lib/python3.10/site-packages/airflow/example_dags/example_task_group_decorator.py
[2022-11-16 22:20:14,837] {processor.py:641} INFO - Processing file /home/nayara/Downloads/EngDados/PROJTOS/main-code/venv/lib/python3.10/site-packages/airflow/example_dags/example_task_group_decorator.py for tasks to queue
[2022-11-16 22:20:14,838] {logging_mixin.py:115} INFO - [2022-11-16 22:20:14,838] {dagbag.py:507} INFO - Filling up the DagBag from /home/nayara/Downloads/EngDados/PROJTOS/main-code/venv/lib/python3.10/site-packages/airflow/example_dags/example_task_group_decorator.py
[2022-11-16 22:20:15,235] {processor.py:651} INFO - DAG(s) dict_keys(['example_task_group_decorator']) retrieved from /home/nayara/Downloads/EngDados/PROJTOS/main-code/venv/lib/python3.10/site-packages/airflow/example_dags/example_task_group_decorator.py
[2022-11-16 22:20:15,571] {logging_mixin.py:115} INFO - [2022-11-16 22:20:15,571] {dag.py:2379} INFO - Sync 1 DAGs
[2022-11-16 22:20:15,751] {logging_mixin.py:115} INFO - [2022-11-16 22:20:15,750] {dag.py:2927} INFO - Setting next_dagrun for example_task_group_decorator to 2022-11-16T01:20:15.668356+00:00, run_after=2022-11-17T01:20:15.668356+00:00
[2022-11-16 22:20:16,614] {processor.py:161} INFO - Processing /home/nayara/Downloads/EngDados/PROJTOS/main-code/venv/lib/python3.10/site-packages/airflow/example_dags/example_task_group_decorator.py took 1.862 seconds
[2022-11-16 22:21:03,691] {processor.py:153} INFO - Started process (PID=10947) to work on /home/nayara/Downloads/EngDados/PROJTOS/main-code/venv/lib/python3.10/site-packages/airflow/example_dags/example_task_group_decorator.py
[2022-11-16 22:21:03,700] {processor.py:641} INFO - Processing file /home/nayara/Downloads/EngDados/PROJTOS/main-code/venv/lib/python3.10/site-packages/airflow/example_dags/example_task_group_decorator.py for tasks to queue
[2022-11-16 22:21:03,700] {logging_mixin.py:115} INFO - [2022-11-16 22:21:03,700] {dagbag.py:507} INFO - Filling up the DagBag from /home/nayara/Downloads/EngDados/PROJTOS/main-code/venv/lib/python3.10/site-packages/airflow/example_dags/example_task_group_decorator.py
[2022-11-16 22:21:03,736] {processor.py:651} INFO - DAG(s) dict_keys(['example_task_group_decorator']) retrieved from /home/nayara/Downloads/EngDados/PROJTOS/main-code/venv/lib/python3.10/site-packages/airflow/example_dags/example_task_group_decorator.py
[2022-11-16 22:21:03,764] {logging_mixin.py:115} INFO - [2022-11-16 22:21:03,764] {dag.py:2379} INFO - Sync 1 DAGs
[2022-11-16 22:21:03,787] {logging_mixin.py:115} INFO - [2022-11-16 22:21:03,787] {dag.py:2927} INFO - Setting next_dagrun for example_task_group_decorator to 2022-11-16T01:21:03.787460+00:00, run_after=2022-11-17T01:21:03.787460+00:00
[2022-11-16 22:21:04,007] {processor.py:161} INFO - Processing /home/nayara/Downloads/EngDados/PROJTOS/main-code/venv/lib/python3.10/site-packages/airflow/example_dags/example_task_group_decorator.py took 0.321 seconds
[2022-11-16 22:21:54,263] {processor.py:153} INFO - Started process (PID=11071) to work on /home/nayara/Downloads/EngDados/PROJTOS/main-code/venv/lib/python3.10/site-packages/airflow/example_dags/example_task_group_decorator.py
[2022-11-16 22:21:54,264] {processor.py:641} INFO - Processing file /home/nayara/Downloads/EngDados/PROJTOS/main-code/venv/lib/python3.10/site-packages/airflow/example_dags/example_task_group_decorator.py for tasks to queue
[2022-11-16 22:21:54,265] {logging_mixin.py:115} INFO - [2022-11-16 22:21:54,265] {dagbag.py:507} INFO - Filling up the DagBag from /home/nayara/Downloads/EngDados/PROJTOS/main-code/venv/lib/python3.10/site-packages/airflow/example_dags/example_task_group_decorator.py
[2022-11-16 22:21:54,305] {processor.py:651} INFO - DAG(s) dict_keys(['example_task_group_decorator']) retrieved from /home/nayara/Downloads/EngDados/PROJTOS/main-code/venv/lib/python3.10/site-packages/airflow/example_dags/example_task_group_decorator.py
[2022-11-16 22:21:54,374] {logging_mixin.py:115} INFO - [2022-11-16 22:21:54,374] {dag.py:2379} INFO - Sync 1 DAGs
[2022-11-16 22:21:54,396] {logging_mixin.py:115} INFO - [2022-11-16 22:21:54,396] {dag.py:2927} INFO - Setting next_dagrun for example_task_group_decorator to 2022-11-16T01:21:54.395861+00:00, run_after=2022-11-17T01:21:54.395861+00:00
[2022-11-16 22:21:54,739] {processor.py:161} INFO - Processing /home/nayara/Downloads/EngDados/PROJTOS/main-code/venv/lib/python3.10/site-packages/airflow/example_dags/example_task_group_decorator.py took 0.481 seconds
