[2022-11-16 22:18:15,929] {processor.py:153} INFO - Started process (PID=10721) to work on /home/nayara/Downloads/EngDados/PROJTOS/main-code/venv/lib/python3.10/site-packages/airflow/example_dags/example_trigger_controller_dag.py
[2022-11-16 22:18:15,931] {processor.py:641} INFO - Processing file /home/nayara/Downloads/EngDados/PROJTOS/main-code/venv/lib/python3.10/site-packages/airflow/example_dags/example_trigger_controller_dag.py for tasks to queue
[2022-11-16 22:18:15,932] {logging_mixin.py:115} INFO - [2022-11-16 22:18:15,932] {dagbag.py:507} INFO - Filling up the DagBag from /home/nayara/Downloads/EngDados/PROJTOS/main-code/venv/lib/python3.10/site-packages/airflow/example_dags/example_trigger_controller_dag.py
[2022-11-16 22:18:15,942] {processor.py:651} INFO - DAG(s) dict_keys(['example_trigger_controller_dag']) retrieved from /home/nayara/Downloads/EngDados/PROJTOS/main-code/venv/lib/python3.10/site-packages/airflow/example_dags/example_trigger_controller_dag.py
[2022-11-16 22:18:17,307] {logging_mixin.py:115} INFO - [2022-11-16 22:18:17,305] {manager.py:508} INFO - Created Permission View: can read on DAG:example_trigger_controller_dag
[2022-11-16 22:18:17,556] {logging_mixin.py:115} INFO - [2022-11-16 22:18:17,556] {manager.py:508} INFO - Created Permission View: can edit on DAG:example_trigger_controller_dag
[2022-11-16 22:18:17,797] {logging_mixin.py:115} INFO - [2022-11-16 22:18:17,797] {manager.py:508} INFO - Created Permission View: can delete on DAG:example_trigger_controller_dag
[2022-11-16 22:18:17,799] {logging_mixin.py:115} INFO - [2022-11-16 22:18:17,799] {dag.py:2379} INFO - Sync 1 DAGs
[2022-11-16 22:18:17,843] {logging_mixin.py:115} INFO - [2022-11-16 22:18:17,843] {dag.py:2398} INFO - Creating ORM DAG for example_trigger_controller_dag
[2022-11-16 22:18:17,858] {logging_mixin.py:115} INFO - [2022-11-16 22:18:17,857] {dag.py:2927} INFO - Setting next_dagrun for example_trigger_controller_dag to 2021-01-01T00:00:00+00:00, run_after=2021-01-01T00:00:00+00:00
[2022-11-16 22:18:18,295] {processor.py:161} INFO - Processing /home/nayara/Downloads/EngDados/PROJTOS/main-code/venv/lib/python3.10/site-packages/airflow/example_dags/example_trigger_controller_dag.py took 2.378 seconds
[2022-11-16 22:20:25,010] {processor.py:153} INFO - Started process (PID=10875) to work on /home/nayara/Downloads/EngDados/PROJTOS/main-code/venv/lib/python3.10/site-packages/airflow/example_dags/example_trigger_controller_dag.py
[2022-11-16 22:20:25,026] {processor.py:641} INFO - Processing file /home/nayara/Downloads/EngDados/PROJTOS/main-code/venv/lib/python3.10/site-packages/airflow/example_dags/example_trigger_controller_dag.py for tasks to queue
[2022-11-16 22:20:25,028] {logging_mixin.py:115} INFO - [2022-11-16 22:20:25,027] {dagbag.py:507} INFO - Filling up the DagBag from /home/nayara/Downloads/EngDados/PROJTOS/main-code/venv/lib/python3.10/site-packages/airflow/example_dags/example_trigger_controller_dag.py
[2022-11-16 22:20:25,047] {processor.py:651} INFO - DAG(s) dict_keys(['example_trigger_controller_dag']) retrieved from /home/nayara/Downloads/EngDados/PROJTOS/main-code/venv/lib/python3.10/site-packages/airflow/example_dags/example_trigger_controller_dag.py
[2022-11-16 22:20:25,150] {logging_mixin.py:115} INFO - [2022-11-16 22:20:25,150] {dag.py:2379} INFO - Sync 1 DAGs
[2022-11-16 22:20:25,232] {logging_mixin.py:115} INFO - [2022-11-16 22:20:25,232] {dag.py:2927} INFO - Setting next_dagrun for example_trigger_controller_dag to 2021-01-01T00:00:00+00:00, run_after=2021-01-01T00:00:00+00:00
[2022-11-16 22:20:25,838] {processor.py:161} INFO - Processing /home/nayara/Downloads/EngDados/PROJTOS/main-code/venv/lib/python3.10/site-packages/airflow/example_dags/example_trigger_controller_dag.py took 0.836 seconds
[2022-11-16 22:21:24,991] {processor.py:153} INFO - Started process (PID=10997) to work on /home/nayara/Downloads/EngDados/PROJTOS/main-code/venv/lib/python3.10/site-packages/airflow/example_dags/example_trigger_controller_dag.py
[2022-11-16 22:21:25,014] {processor.py:641} INFO - Processing file /home/nayara/Downloads/EngDados/PROJTOS/main-code/venv/lib/python3.10/site-packages/airflow/example_dags/example_trigger_controller_dag.py for tasks to queue
[2022-11-16 22:21:25,015] {logging_mixin.py:115} INFO - [2022-11-16 22:21:25,015] {dagbag.py:507} INFO - Filling up the DagBag from /home/nayara/Downloads/EngDados/PROJTOS/main-code/venv/lib/python3.10/site-packages/airflow/example_dags/example_trigger_controller_dag.py
[2022-11-16 22:21:25,023] {processor.py:651} INFO - DAG(s) dict_keys(['example_trigger_controller_dag']) retrieved from /home/nayara/Downloads/EngDados/PROJTOS/main-code/venv/lib/python3.10/site-packages/airflow/example_dags/example_trigger_controller_dag.py
[2022-11-16 22:21:25,051] {logging_mixin.py:115} INFO - [2022-11-16 22:21:25,051] {dag.py:2379} INFO - Sync 1 DAGs
[2022-11-16 22:21:25,076] {logging_mixin.py:115} INFO - [2022-11-16 22:21:25,076] {dag.py:2927} INFO - Setting next_dagrun for example_trigger_controller_dag to 2021-01-01T00:00:00+00:00, run_after=2021-01-01T00:00:00+00:00
[2022-11-16 22:21:25,320] {processor.py:161} INFO - Processing /home/nayara/Downloads/EngDados/PROJTOS/main-code/venv/lib/python3.10/site-packages/airflow/example_dags/example_trigger_controller_dag.py took 0.337 seconds
[2022-11-16 22:22:06,054] {processor.py:153} INFO - Started process (PID=11117) to work on /home/nayara/Downloads/EngDados/PROJTOS/main-code/venv/lib/python3.10/site-packages/airflow/example_dags/example_trigger_controller_dag.py
[2022-11-16 22:22:06,187] {processor.py:641} INFO - Processing file /home/nayara/Downloads/EngDados/PROJTOS/main-code/venv/lib/python3.10/site-packages/airflow/example_dags/example_trigger_controller_dag.py for tasks to queue
[2022-11-16 22:22:06,192] {logging_mixin.py:115} INFO - [2022-11-16 22:22:06,191] {dagbag.py:507} INFO - Filling up the DagBag from /home/nayara/Downloads/EngDados/PROJTOS/main-code/venv/lib/python3.10/site-packages/airflow/example_dags/example_trigger_controller_dag.py
[2022-11-16 22:22:06,212] {processor.py:651} INFO - DAG(s) dict_keys(['example_trigger_controller_dag']) retrieved from /home/nayara/Downloads/EngDados/PROJTOS/main-code/venv/lib/python3.10/site-packages/airflow/example_dags/example_trigger_controller_dag.py
[2022-11-16 22:22:06,289] {logging_mixin.py:115} INFO - [2022-11-16 22:22:06,289] {dag.py:2379} INFO - Sync 1 DAGs
[2022-11-16 22:22:06,320] {logging_mixin.py:115} INFO - [2022-11-16 22:22:06,320] {dag.py:2927} INFO - Setting next_dagrun for example_trigger_controller_dag to 2021-01-01T00:00:00+00:00, run_after=2021-01-01T00:00:00+00:00
[2022-11-16 22:22:07,010] {processor.py:161} INFO - Processing /home/nayara/Downloads/EngDados/PROJTOS/main-code/venv/lib/python3.10/site-packages/airflow/example_dags/example_trigger_controller_dag.py took 0.966 seconds
