[2022-11-16 22:19:07,527] {processor.py:153} INFO - Started process (PID=10752) to work on /home/nayara/Downloads/EngDados/PROJTOS/main-code/venv/lib/python3.10/site-packages/airflow/example_dags/example_complex.py
[2022-11-16 22:19:07,528] {processor.py:641} INFO - Processing file /home/nayara/Downloads/EngDados/PROJTOS/main-code/venv/lib/python3.10/site-packages/airflow/example_dags/example_complex.py for tasks to queue
[2022-11-16 22:19:07,530] {logging_mixin.py:115} INFO - [2022-11-16 22:19:07,529] {dagbag.py:507} INFO - Filling up the DagBag from /home/nayara/Downloads/EngDados/PROJTOS/main-code/venv/lib/python3.10/site-packages/airflow/example_dags/example_complex.py
[2022-11-16 22:19:07,570] {processor.py:651} INFO - DAG(s) dict_keys(['example_complex']) retrieved from /home/nayara/Downloads/EngDados/PROJTOS/main-code/venv/lib/python3.10/site-packages/airflow/example_dags/example_complex.py
[2022-11-16 22:19:08,280] {logging_mixin.py:115} INFO - [2022-11-16 22:19:08,279] {manager.py:508} INFO - Created Permission View: can read on DAG:example_complex
[2022-11-16 22:19:08,573] {logging_mixin.py:115} INFO - [2022-11-16 22:19:08,573] {manager.py:508} INFO - Created Permission View: can edit on DAG:example_complex
[2022-11-16 22:19:08,992] {logging_mixin.py:115} INFO - [2022-11-16 22:19:08,992] {manager.py:508} INFO - Created Permission View: can delete on DAG:example_complex
[2022-11-16 22:19:08,993] {logging_mixin.py:115} INFO - [2022-11-16 22:19:08,993] {dag.py:2379} INFO - Sync 1 DAGs
[2022-11-16 22:19:09,040] {logging_mixin.py:115} INFO - [2022-11-16 22:19:09,040] {dag.py:2398} INFO - Creating ORM DAG for example_complex
[2022-11-16 22:19:09,062] {logging_mixin.py:115} INFO - [2022-11-16 22:19:09,062] {dag.py:2927} INFO - Setting next_dagrun for example_complex to None, run_after=None
[2022-11-16 22:19:09,396] {processor.py:161} INFO - Processing /home/nayara/Downloads/EngDados/PROJTOS/main-code/venv/lib/python3.10/site-packages/airflow/example_dags/example_complex.py took 1.875 seconds
[2022-11-16 22:21:15,450] {processor.py:153} INFO - Started process (PID=10971) to work on /home/nayara/Downloads/EngDados/PROJTOS/main-code/venv/lib/python3.10/site-packages/airflow/example_dags/example_complex.py
[2022-11-16 22:21:15,451] {processor.py:641} INFO - Processing file /home/nayara/Downloads/EngDados/PROJTOS/main-code/venv/lib/python3.10/site-packages/airflow/example_dags/example_complex.py for tasks to queue
[2022-11-16 22:21:15,452] {logging_mixin.py:115} INFO - [2022-11-16 22:21:15,452] {dagbag.py:507} INFO - Filling up the DagBag from /home/nayara/Downloads/EngDados/PROJTOS/main-code/venv/lib/python3.10/site-packages/airflow/example_dags/example_complex.py
[2022-11-16 22:21:15,469] {processor.py:651} INFO - DAG(s) dict_keys(['example_complex']) retrieved from /home/nayara/Downloads/EngDados/PROJTOS/main-code/venv/lib/python3.10/site-packages/airflow/example_dags/example_complex.py
[2022-11-16 22:21:15,496] {logging_mixin.py:115} INFO - [2022-11-16 22:21:15,496] {dag.py:2379} INFO - Sync 1 DAGs
[2022-11-16 22:21:15,521] {logging_mixin.py:115} INFO - [2022-11-16 22:21:15,521] {dag.py:2927} INFO - Setting next_dagrun for example_complex to None, run_after=None
[2022-11-16 22:21:15,822] {processor.py:161} INFO - Processing /home/nayara/Downloads/EngDados/PROJTOS/main-code/venv/lib/python3.10/site-packages/airflow/example_dags/example_complex.py took 0.383 seconds
[2022-11-16 22:22:20,226] {processor.py:153} INFO - Started process (PID=11151) to work on /home/nayara/Downloads/EngDados/PROJTOS/main-code/venv/lib/python3.10/site-packages/airflow/example_dags/example_complex.py
[2022-11-16 22:22:20,304] {processor.py:641} INFO - Processing file /home/nayara/Downloads/EngDados/PROJTOS/main-code/venv/lib/python3.10/site-packages/airflow/example_dags/example_complex.py for tasks to queue
[2022-11-16 22:22:20,306] {logging_mixin.py:115} INFO - [2022-11-16 22:22:20,306] {dagbag.py:507} INFO - Filling up the DagBag from /home/nayara/Downloads/EngDados/PROJTOS/main-code/venv/lib/python3.10/site-packages/airflow/example_dags/example_complex.py
[2022-11-16 22:22:20,345] {processor.py:651} INFO - DAG(s) dict_keys(['example_complex']) retrieved from /home/nayara/Downloads/EngDados/PROJTOS/main-code/venv/lib/python3.10/site-packages/airflow/example_dags/example_complex.py
[2022-11-16 22:22:20,372] {logging_mixin.py:115} INFO - [2022-11-16 22:22:20,372] {dag.py:2379} INFO - Sync 1 DAGs
[2022-11-16 22:22:20,398] {logging_mixin.py:115} INFO - [2022-11-16 22:22:20,398] {dag.py:2927} INFO - Setting next_dagrun for example_complex to None, run_after=None
[2022-11-16 22:22:20,595] {processor.py:161} INFO - Processing /home/nayara/Downloads/EngDados/PROJTOS/main-code/venv/lib/python3.10/site-packages/airflow/example_dags/example_complex.py took 0.377 seconds
