[2022-11-16 22:17:43,258] {processor.py:153} INFO - Started process (PID=10414) to work on /home/nayara/Downloads/EngDados/PROJTOS/main-code/venv/lib/python3.10/site-packages/airflow/example_dags/example_xcomargs.py
[2022-11-16 22:17:43,259] {processor.py:641} INFO - Processing file /home/nayara/Downloads/EngDados/PROJTOS/main-code/venv/lib/python3.10/site-packages/airflow/example_dags/example_xcomargs.py for tasks to queue
[2022-11-16 22:17:43,260] {logging_mixin.py:115} INFO - [2022-11-16 22:17:43,260] {dagbag.py:507} INFO - Filling up the DagBag from /home/nayara/Downloads/EngDados/PROJTOS/main-code/venv/lib/python3.10/site-packages/airflow/example_dags/example_xcomargs.py
[2022-11-16 22:17:43,408] {processor.py:651} INFO - DAG(s) dict_keys(['example_xcom_args', 'example_xcom_args_with_operators']) retrieved from /home/nayara/Downloads/EngDados/PROJTOS/main-code/venv/lib/python3.10/site-packages/airflow/example_dags/example_xcomargs.py
[2022-11-16 22:17:44,482] {logging_mixin.py:115} INFO - [2022-11-16 22:17:44,482] {manager.py:508} INFO - Created Permission View: can read on DAG:example_xcom_args
[2022-11-16 22:17:44,877] {logging_mixin.py:115} INFO - [2022-11-16 22:17:44,877] {manager.py:508} INFO - Created Permission View: can edit on DAG:example_xcom_args
[2022-11-16 22:17:45,843] {logging_mixin.py:115} INFO - [2022-11-16 22:17:45,842] {manager.py:508} INFO - Created Permission View: can delete on DAG:example_xcom_args
[2022-11-16 22:17:48,679] {logging_mixin.py:115} INFO - [2022-11-16 22:17:48,678] {manager.py:508} INFO - Created Permission View: can read on DAG:example_xcom_args_with_operators
[2022-11-16 22:17:49,143] {logging_mixin.py:115} INFO - [2022-11-16 22:17:49,142] {manager.py:508} INFO - Created Permission View: can edit on DAG:example_xcom_args_with_operators
[2022-11-16 22:17:49,586] {logging_mixin.py:115} INFO - [2022-11-16 22:17:49,585] {manager.py:508} INFO - Created Permission View: can delete on DAG:example_xcom_args_with_operators
[2022-11-16 22:17:49,586] {logging_mixin.py:115} INFO - [2022-11-16 22:17:49,586] {dag.py:2379} INFO - Sync 2 DAGs
[2022-11-16 22:17:49,623] {logging_mixin.py:115} INFO - [2022-11-16 22:17:49,623] {dag.py:2398} INFO - Creating ORM DAG for example_xcom_args_with_operators
[2022-11-16 22:17:49,625] {logging_mixin.py:115} INFO - [2022-11-16 22:17:49,625] {dag.py:2398} INFO - Creating ORM DAG for example_xcom_args
[2022-11-16 22:17:49,659] {logging_mixin.py:115} INFO - [2022-11-16 22:17:49,658] {dag.py:2927} INFO - Setting next_dagrun for example_xcom_args to None, run_after=None
[2022-11-16 22:17:49,659] {logging_mixin.py:115} INFO - [2022-11-16 22:17:49,659] {dag.py:2927} INFO - Setting next_dagrun for example_xcom_args_with_operators to None, run_after=None
[2022-11-16 22:17:50,083] {processor.py:161} INFO - Processing /home/nayara/Downloads/EngDados/PROJTOS/main-code/venv/lib/python3.10/site-packages/airflow/example_dags/example_xcomargs.py took 6.858 seconds
[2022-11-16 22:19:31,341] {processor.py:153} INFO - Started process (PID=10796) to work on /home/nayara/Downloads/EngDados/PROJTOS/main-code/venv/lib/python3.10/site-packages/airflow/example_dags/example_xcomargs.py
[2022-11-16 22:19:31,353] {processor.py:641} INFO - Processing file /home/nayara/Downloads/EngDados/PROJTOS/main-code/venv/lib/python3.10/site-packages/airflow/example_dags/example_xcomargs.py for tasks to queue
[2022-11-16 22:19:31,354] {logging_mixin.py:115} INFO - [2022-11-16 22:19:31,354] {dagbag.py:507} INFO - Filling up the DagBag from /home/nayara/Downloads/EngDados/PROJTOS/main-code/venv/lib/python3.10/site-packages/airflow/example_dags/example_xcomargs.py
[2022-11-16 22:19:31,395] {processor.py:651} INFO - DAG(s) dict_keys(['example_xcom_args', 'example_xcom_args_with_operators']) retrieved from /home/nayara/Downloads/EngDados/PROJTOS/main-code/venv/lib/python3.10/site-packages/airflow/example_dags/example_xcomargs.py
[2022-11-16 22:19:31,505] {logging_mixin.py:115} INFO - [2022-11-16 22:19:31,505] {dag.py:2379} INFO - Sync 2 DAGs
[2022-11-16 22:19:31,538] {logging_mixin.py:115} INFO - [2022-11-16 22:19:31,538] {dag.py:2927} INFO - Setting next_dagrun for example_xcom_args to None, run_after=None
[2022-11-16 22:19:31,538] {logging_mixin.py:115} INFO - [2022-11-16 22:19:31,538] {dag.py:2927} INFO - Setting next_dagrun for example_xcom_args_with_operators to None, run_after=None
[2022-11-16 22:19:31,864] {processor.py:161} INFO - Processing /home/nayara/Downloads/EngDados/PROJTOS/main-code/venv/lib/python3.10/site-packages/airflow/example_dags/example_xcomargs.py took 0.528 seconds
[2022-11-16 22:20:57,947] {processor.py:153} INFO - Started process (PID=10933) to work on /home/nayara/Downloads/EngDados/PROJTOS/main-code/venv/lib/python3.10/site-packages/airflow/example_dags/example_xcomargs.py
[2022-11-16 22:20:57,960] {processor.py:641} INFO - Processing file /home/nayara/Downloads/EngDados/PROJTOS/main-code/venv/lib/python3.10/site-packages/airflow/example_dags/example_xcomargs.py for tasks to queue
[2022-11-16 22:20:57,961] {logging_mixin.py:115} INFO - [2022-11-16 22:20:57,961] {dagbag.py:507} INFO - Filling up the DagBag from /home/nayara/Downloads/EngDados/PROJTOS/main-code/venv/lib/python3.10/site-packages/airflow/example_dags/example_xcomargs.py
[2022-11-16 22:20:57,996] {processor.py:651} INFO - DAG(s) dict_keys(['example_xcom_args', 'example_xcom_args_with_operators']) retrieved from /home/nayara/Downloads/EngDados/PROJTOS/main-code/venv/lib/python3.10/site-packages/airflow/example_dags/example_xcomargs.py
[2022-11-16 22:20:58,067] {logging_mixin.py:115} INFO - [2022-11-16 22:20:58,066] {dag.py:2379} INFO - Sync 2 DAGs
[2022-11-16 22:20:58,085] {logging_mixin.py:115} INFO - [2022-11-16 22:20:58,085] {dag.py:2927} INFO - Setting next_dagrun for example_xcom_args to None, run_after=None
[2022-11-16 22:20:58,085] {logging_mixin.py:115} INFO - [2022-11-16 22:20:58,085] {dag.py:2927} INFO - Setting next_dagrun for example_xcom_args_with_operators to None, run_after=None
[2022-11-16 22:20:58,392] {processor.py:161} INFO - Processing /home/nayara/Downloads/EngDados/PROJTOS/main-code/venv/lib/python3.10/site-packages/airflow/example_dags/example_xcomargs.py took 0.452 seconds
[2022-11-16 22:21:46,285] {processor.py:153} INFO - Started process (PID=11032) to work on /home/nayara/Downloads/EngDados/PROJTOS/main-code/venv/lib/python3.10/site-packages/airflow/example_dags/example_xcomargs.py
[2022-11-16 22:21:46,317] {processor.py:641} INFO - Processing file /home/nayara/Downloads/EngDados/PROJTOS/main-code/venv/lib/python3.10/site-packages/airflow/example_dags/example_xcomargs.py for tasks to queue
[2022-11-16 22:21:46,319] {logging_mixin.py:115} INFO - [2022-11-16 22:21:46,318] {dagbag.py:507} INFO - Filling up the DagBag from /home/nayara/Downloads/EngDados/PROJTOS/main-code/venv/lib/python3.10/site-packages/airflow/example_dags/example_xcomargs.py
[2022-11-16 22:21:46,363] {processor.py:651} INFO - DAG(s) dict_keys(['example_xcom_args', 'example_xcom_args_with_operators']) retrieved from /home/nayara/Downloads/EngDados/PROJTOS/main-code/venv/lib/python3.10/site-packages/airflow/example_dags/example_xcomargs.py
[2022-11-16 22:21:46,398] {logging_mixin.py:115} INFO - [2022-11-16 22:21:46,398] {dag.py:2379} INFO - Sync 2 DAGs
[2022-11-16 22:21:46,440] {logging_mixin.py:115} INFO - [2022-11-16 22:21:46,440] {dag.py:2927} INFO - Setting next_dagrun for example_xcom_args to None, run_after=None
[2022-11-16 22:21:46,441] {logging_mixin.py:115} INFO - [2022-11-16 22:21:46,441] {dag.py:2927} INFO - Setting next_dagrun for example_xcom_args_with_operators to None, run_after=None
[2022-11-16 22:21:46,687] {processor.py:161} INFO - Processing /home/nayara/Downloads/EngDados/PROJTOS/main-code/venv/lib/python3.10/site-packages/airflow/example_dags/example_xcomargs.py took 0.407 seconds
