[2022-11-16 22:17:58,908] {processor.py:153} INFO - Started process (PID=10600) to work on /home/nayara/Downloads/EngDados/PROJTOS/main-code/venv/lib/python3.10/site-packages/airflow/example_dags/tutorial_taskflow_api_etl_virtualenv.py
[2022-11-16 22:17:58,909] {processor.py:641} INFO - Processing file /home/nayara/Downloads/EngDados/PROJTOS/main-code/venv/lib/python3.10/site-packages/airflow/example_dags/tutorial_taskflow_api_etl_virtualenv.py for tasks to queue
[2022-11-16 22:17:58,911] {logging_mixin.py:115} INFO - [2022-11-16 22:17:58,910] {dagbag.py:507} INFO - Filling up the DagBag from /home/nayara/Downloads/EngDados/PROJTOS/main-code/venv/lib/python3.10/site-packages/airflow/example_dags/tutorial_taskflow_api_etl_virtualenv.py
[2022-11-16 22:17:58,959] {processor.py:651} INFO - DAG(s) dict_keys(['tutorial_taskflow_api_etl_virtualenv']) retrieved from /home/nayara/Downloads/EngDados/PROJTOS/main-code/venv/lib/python3.10/site-packages/airflow/example_dags/tutorial_taskflow_api_etl_virtualenv.py
[2022-11-16 22:17:59,711] {logging_mixin.py:115} INFO - [2022-11-16 22:17:59,711] {manager.py:508} INFO - Created Permission View: can read on DAG:tutorial_taskflow_api_etl_virtualenv
[2022-11-16 22:18:00,022] {logging_mixin.py:115} INFO - [2022-11-16 22:18:00,022] {manager.py:508} INFO - Created Permission View: can edit on DAG:tutorial_taskflow_api_etl_virtualenv
[2022-11-16 22:18:00,239] {logging_mixin.py:115} INFO - [2022-11-16 22:18:00,239] {manager.py:508} INFO - Created Permission View: can delete on DAG:tutorial_taskflow_api_etl_virtualenv
[2022-11-16 22:18:00,240] {logging_mixin.py:115} INFO - [2022-11-16 22:18:00,240] {dag.py:2379} INFO - Sync 1 DAGs
[2022-11-16 22:18:00,266] {logging_mixin.py:115} INFO - [2022-11-16 22:18:00,266] {dag.py:2398} INFO - Creating ORM DAG for tutorial_taskflow_api_etl_virtualenv
[2022-11-16 22:18:00,313] {logging_mixin.py:115} INFO - [2022-11-16 22:18:00,313] {dag.py:2927} INFO - Setting next_dagrun for tutorial_taskflow_api_etl_virtualenv to None, run_after=None
[2022-11-16 22:18:00,666] {processor.py:161} INFO - Processing /home/nayara/Downloads/EngDados/PROJTOS/main-code/venv/lib/python3.10/site-packages/airflow/example_dags/tutorial_taskflow_api_etl_virtualenv.py took 1.765 seconds
[2022-11-16 22:20:05,921] {processor.py:153} INFO - Started process (PID=10817) to work on /home/nayara/Downloads/EngDados/PROJTOS/main-code/venv/lib/python3.10/site-packages/airflow/example_dags/tutorial_taskflow_api_etl_virtualenv.py
[2022-11-16 22:20:05,987] {processor.py:641} INFO - Processing file /home/nayara/Downloads/EngDados/PROJTOS/main-code/venv/lib/python3.10/site-packages/airflow/example_dags/tutorial_taskflow_api_etl_virtualenv.py for tasks to queue
[2022-11-16 22:20:05,989] {logging_mixin.py:115} INFO - [2022-11-16 22:20:05,989] {dagbag.py:507} INFO - Filling up the DagBag from /home/nayara/Downloads/EngDados/PROJTOS/main-code/venv/lib/python3.10/site-packages/airflow/example_dags/tutorial_taskflow_api_etl_virtualenv.py
[2022-11-16 22:20:07,319] {processor.py:651} INFO - DAG(s) dict_keys(['tutorial_taskflow_api_etl_virtualenv']) retrieved from /home/nayara/Downloads/EngDados/PROJTOS/main-code/venv/lib/python3.10/site-packages/airflow/example_dags/tutorial_taskflow_api_etl_virtualenv.py
[2022-11-16 22:20:10,511] {logging_mixin.py:115} INFO - [2022-11-16 22:20:10,511] {dag.py:2379} INFO - Sync 1 DAGs
[2022-11-16 22:20:10,615] {logging_mixin.py:115} INFO - [2022-11-16 22:20:10,614] {dag.py:2927} INFO - Setting next_dagrun for tutorial_taskflow_api_etl_virtualenv to None, run_after=None
[2022-11-16 22:20:12,908] {processor.py:161} INFO - Processing /home/nayara/Downloads/EngDados/PROJTOS/main-code/venv/lib/python3.10/site-packages/airflow/example_dags/tutorial_taskflow_api_etl_virtualenv.py took 6.992 seconds
[2022-11-16 22:21:02,988] {processor.py:153} INFO - Started process (PID=10946) to work on /home/nayara/Downloads/EngDados/PROJTOS/main-code/venv/lib/python3.10/site-packages/airflow/example_dags/tutorial_taskflow_api_etl_virtualenv.py
[2022-11-16 22:21:03,016] {processor.py:641} INFO - Processing file /home/nayara/Downloads/EngDados/PROJTOS/main-code/venv/lib/python3.10/site-packages/airflow/example_dags/tutorial_taskflow_api_etl_virtualenv.py for tasks to queue
[2022-11-16 22:21:03,017] {logging_mixin.py:115} INFO - [2022-11-16 22:21:03,017] {dagbag.py:507} INFO - Filling up the DagBag from /home/nayara/Downloads/EngDados/PROJTOS/main-code/venv/lib/python3.10/site-packages/airflow/example_dags/tutorial_taskflow_api_etl_virtualenv.py
[2022-11-16 22:21:03,055] {processor.py:651} INFO - DAG(s) dict_keys(['tutorial_taskflow_api_etl_virtualenv']) retrieved from /home/nayara/Downloads/EngDados/PROJTOS/main-code/venv/lib/python3.10/site-packages/airflow/example_dags/tutorial_taskflow_api_etl_virtualenv.py
[2022-11-16 22:21:03,077] {logging_mixin.py:115} INFO - [2022-11-16 22:21:03,077] {dag.py:2379} INFO - Sync 1 DAGs
[2022-11-16 22:21:03,105] {logging_mixin.py:115} INFO - [2022-11-16 22:21:03,105] {dag.py:2927} INFO - Setting next_dagrun for tutorial_taskflow_api_etl_virtualenv to None, run_after=None
[2022-11-16 22:21:03,304] {processor.py:161} INFO - Processing /home/nayara/Downloads/EngDados/PROJTOS/main-code/venv/lib/python3.10/site-packages/airflow/example_dags/tutorial_taskflow_api_etl_virtualenv.py took 0.331 seconds
[2022-11-16 22:21:51,984] {processor.py:153} INFO - Started process (PID=11068) to work on /home/nayara/Downloads/EngDados/PROJTOS/main-code/venv/lib/python3.10/site-packages/airflow/example_dags/tutorial_taskflow_api_etl_virtualenv.py
[2022-11-16 22:21:52,002] {processor.py:641} INFO - Processing file /home/nayara/Downloads/EngDados/PROJTOS/main-code/venv/lib/python3.10/site-packages/airflow/example_dags/tutorial_taskflow_api_etl_virtualenv.py for tasks to queue
[2022-11-16 22:21:52,004] {logging_mixin.py:115} INFO - [2022-11-16 22:21:52,004] {dagbag.py:507} INFO - Filling up the DagBag from /home/nayara/Downloads/EngDados/PROJTOS/main-code/venv/lib/python3.10/site-packages/airflow/example_dags/tutorial_taskflow_api_etl_virtualenv.py
[2022-11-16 22:21:52,064] {processor.py:651} INFO - DAG(s) dict_keys(['tutorial_taskflow_api_etl_virtualenv']) retrieved from /home/nayara/Downloads/EngDados/PROJTOS/main-code/venv/lib/python3.10/site-packages/airflow/example_dags/tutorial_taskflow_api_etl_virtualenv.py
[2022-11-16 22:21:52,091] {logging_mixin.py:115} INFO - [2022-11-16 22:21:52,091] {dag.py:2379} INFO - Sync 1 DAGs
[2022-11-16 22:21:52,122] {logging_mixin.py:115} INFO - [2022-11-16 22:21:52,122] {dag.py:2927} INFO - Setting next_dagrun for tutorial_taskflow_api_etl_virtualenv to None, run_after=None
[2022-11-16 22:21:52,699] {processor.py:161} INFO - Processing /home/nayara/Downloads/EngDados/PROJTOS/main-code/venv/lib/python3.10/site-packages/airflow/example_dags/tutorial_taskflow_api_etl_virtualenv.py took 0.727 seconds
