[2022-11-16 22:18:05,293] {processor.py:153} INFO - Started process (PID=10604) to work on /home/nayara/Downloads/EngDados/PROJTOS/main-code/venv/lib/python3.10/site-packages/airflow/example_dags/tutorial.py
[2022-11-16 22:18:05,294] {processor.py:641} INFO - Processing file /home/nayara/Downloads/EngDados/PROJTOS/main-code/venv/lib/python3.10/site-packages/airflow/example_dags/tutorial.py for tasks to queue
[2022-11-16 22:18:05,306] {logging_mixin.py:115} INFO - [2022-11-16 22:18:05,306] {dagbag.py:507} INFO - Filling up the DagBag from /home/nayara/Downloads/EngDados/PROJTOS/main-code/venv/lib/python3.10/site-packages/airflow/example_dags/tutorial.py
[2022-11-16 22:18:05,330] {processor.py:651} INFO - DAG(s) dict_keys(['tutorial']) retrieved from /home/nayara/Downloads/EngDados/PROJTOS/main-code/venv/lib/python3.10/site-packages/airflow/example_dags/tutorial.py
[2022-11-16 22:18:06,479] {logging_mixin.py:115} INFO - [2022-11-16 22:18:06,479] {manager.py:508} INFO - Created Permission View: can read on DAG:tutorial
[2022-11-16 22:18:06,720] {logging_mixin.py:115} INFO - [2022-11-16 22:18:06,719] {manager.py:508} INFO - Created Permission View: can edit on DAG:tutorial
[2022-11-16 22:18:06,949] {logging_mixin.py:115} INFO - [2022-11-16 22:18:06,949] {manager.py:508} INFO - Created Permission View: can delete on DAG:tutorial
[2022-11-16 22:18:06,952] {logging_mixin.py:115} INFO - [2022-11-16 22:18:06,951] {dag.py:2379} INFO - Sync 1 DAGs
[2022-11-16 22:18:07,007] {logging_mixin.py:115} INFO - [2022-11-16 22:18:07,007] {dag.py:2398} INFO - Creating ORM DAG for tutorial
[2022-11-16 22:18:07,296] {logging_mixin.py:115} INFO - [2022-11-16 22:18:07,295] {dag.py:2927} INFO - Setting next_dagrun for tutorial to 2022-11-16T01:18:07.294786+00:00, run_after=2022-11-17T01:18:07.294786+00:00
[2022-11-16 22:18:07,704] {processor.py:161} INFO - Processing /home/nayara/Downloads/EngDados/PROJTOS/main-code/venv/lib/python3.10/site-packages/airflow/example_dags/tutorial.py took 2.425 seconds
[2022-11-16 22:20:17,755] {processor.py:153} INFO - Started process (PID=10850) to work on /home/nayara/Downloads/EngDados/PROJTOS/main-code/venv/lib/python3.10/site-packages/airflow/example_dags/tutorial.py
[2022-11-16 22:20:17,823] {processor.py:641} INFO - Processing file /home/nayara/Downloads/EngDados/PROJTOS/main-code/venv/lib/python3.10/site-packages/airflow/example_dags/tutorial.py for tasks to queue
[2022-11-16 22:20:17,824] {logging_mixin.py:115} INFO - [2022-11-16 22:20:17,824] {dagbag.py:507} INFO - Filling up the DagBag from /home/nayara/Downloads/EngDados/PROJTOS/main-code/venv/lib/python3.10/site-packages/airflow/example_dags/tutorial.py
[2022-11-16 22:20:18,110] {processor.py:651} INFO - DAG(s) dict_keys(['tutorial']) retrieved from /home/nayara/Downloads/EngDados/PROJTOS/main-code/venv/lib/python3.10/site-packages/airflow/example_dags/tutorial.py
[2022-11-16 22:20:18,149] {logging_mixin.py:115} INFO - [2022-11-16 22:20:18,149] {dag.py:2379} INFO - Sync 1 DAGs
[2022-11-16 22:20:18,225] {logging_mixin.py:115} INFO - [2022-11-16 22:20:18,225] {dag.py:2927} INFO - Setting next_dagrun for tutorial to 2022-11-16T01:20:18.224916+00:00, run_after=2022-11-17T01:20:18.224916+00:00
[2022-11-16 22:20:18,989] {processor.py:161} INFO - Processing /home/nayara/Downloads/EngDados/PROJTOS/main-code/venv/lib/python3.10/site-packages/airflow/example_dags/tutorial.py took 1.238 seconds
[2022-11-16 22:21:05,773] {processor.py:153} INFO - Started process (PID=10948) to work on /home/nayara/Downloads/EngDados/PROJTOS/main-code/venv/lib/python3.10/site-packages/airflow/example_dags/tutorial.py
[2022-11-16 22:21:05,812] {processor.py:641} INFO - Processing file /home/nayara/Downloads/EngDados/PROJTOS/main-code/venv/lib/python3.10/site-packages/airflow/example_dags/tutorial.py for tasks to queue
[2022-11-16 22:21:05,813] {logging_mixin.py:115} INFO - [2022-11-16 22:21:05,813] {dagbag.py:507} INFO - Filling up the DagBag from /home/nayara/Downloads/EngDados/PROJTOS/main-code/venv/lib/python3.10/site-packages/airflow/example_dags/tutorial.py
[2022-11-16 22:21:05,832] {processor.py:651} INFO - DAG(s) dict_keys(['tutorial']) retrieved from /home/nayara/Downloads/EngDados/PROJTOS/main-code/venv/lib/python3.10/site-packages/airflow/example_dags/tutorial.py
[2022-11-16 22:21:05,860] {logging_mixin.py:115} INFO - [2022-11-16 22:21:05,860] {dag.py:2379} INFO - Sync 1 DAGs
[2022-11-16 22:21:05,888] {logging_mixin.py:115} INFO - [2022-11-16 22:21:05,888] {dag.py:2927} INFO - Setting next_dagrun for tutorial to 2022-11-16T01:21:05.888107+00:00, run_after=2022-11-17T01:21:05.888107+00:00
[2022-11-16 22:21:06,156] {processor.py:161} INFO - Processing /home/nayara/Downloads/EngDados/PROJTOS/main-code/venv/lib/python3.10/site-packages/airflow/example_dags/tutorial.py took 0.393 seconds
[2022-11-16 22:21:54,833] {processor.py:153} INFO - Started process (PID=11076) to work on /home/nayara/Downloads/EngDados/PROJTOS/main-code/venv/lib/python3.10/site-packages/airflow/example_dags/tutorial.py
[2022-11-16 22:21:54,857] {processor.py:641} INFO - Processing file /home/nayara/Downloads/EngDados/PROJTOS/main-code/venv/lib/python3.10/site-packages/airflow/example_dags/tutorial.py for tasks to queue
[2022-11-16 22:21:54,858] {logging_mixin.py:115} INFO - [2022-11-16 22:21:54,858] {dagbag.py:507} INFO - Filling up the DagBag from /home/nayara/Downloads/EngDados/PROJTOS/main-code/venv/lib/python3.10/site-packages/airflow/example_dags/tutorial.py
[2022-11-16 22:21:54,870] {processor.py:651} INFO - DAG(s) dict_keys(['tutorial']) retrieved from /home/nayara/Downloads/EngDados/PROJTOS/main-code/venv/lib/python3.10/site-packages/airflow/example_dags/tutorial.py
[2022-11-16 22:21:54,900] {logging_mixin.py:115} INFO - [2022-11-16 22:21:54,899] {dag.py:2379} INFO - Sync 1 DAGs
[2022-11-16 22:21:54,930] {logging_mixin.py:115} INFO - [2022-11-16 22:21:54,930] {dag.py:2927} INFO - Setting next_dagrun for tutorial to 2022-11-16T01:21:54.929757+00:00, run_after=2022-11-17T01:21:54.929757+00:00
[2022-11-16 22:21:55,365] {processor.py:161} INFO - Processing /home/nayara/Downloads/EngDados/PROJTOS/main-code/venv/lib/python3.10/site-packages/airflow/example_dags/tutorial.py took 0.535 seconds
