[2022-11-16 22:18:19,772] {processor.py:153} INFO - Started process (PID=10722) to work on /home/nayara/Downloads/EngDados/PROJTOS/main-code/venv/lib/python3.10/site-packages/airflow/example_dags/tutorial_taskflow_api_etl.py
[2022-11-16 22:18:19,774] {processor.py:641} INFO - Processing file /home/nayara/Downloads/EngDados/PROJTOS/main-code/venv/lib/python3.10/site-packages/airflow/example_dags/tutorial_taskflow_api_etl.py for tasks to queue
[2022-11-16 22:18:19,775] {logging_mixin.py:115} INFO - [2022-11-16 22:18:19,775] {dagbag.py:507} INFO - Filling up the DagBag from /home/nayara/Downloads/EngDados/PROJTOS/main-code/venv/lib/python3.10/site-packages/airflow/example_dags/tutorial_taskflow_api_etl.py
[2022-11-16 22:18:19,803] {processor.py:651} INFO - DAG(s) dict_keys(['tutorial_taskflow_api_etl']) retrieved from /home/nayara/Downloads/EngDados/PROJTOS/main-code/venv/lib/python3.10/site-packages/airflow/example_dags/tutorial_taskflow_api_etl.py
[2022-11-16 22:18:20,475] {logging_mixin.py:115} INFO - [2022-11-16 22:18:20,474] {manager.py:508} INFO - Created Permission View: can read on DAG:tutorial_taskflow_api_etl
[2022-11-16 22:18:20,717] {logging_mixin.py:115} INFO - [2022-11-16 22:18:20,716] {manager.py:508} INFO - Created Permission View: can edit on DAG:tutorial_taskflow_api_etl
[2022-11-16 22:18:20,978] {logging_mixin.py:115} INFO - [2022-11-16 22:18:20,977] {manager.py:508} INFO - Created Permission View: can delete on DAG:tutorial_taskflow_api_etl
[2022-11-16 22:18:20,979] {logging_mixin.py:115} INFO - [2022-11-16 22:18:20,978] {dag.py:2379} INFO - Sync 1 DAGs
[2022-11-16 22:18:21,004] {logging_mixin.py:115} INFO - [2022-11-16 22:18:21,004] {dag.py:2398} INFO - Creating ORM DAG for tutorial_taskflow_api_etl
[2022-11-16 22:18:21,022] {logging_mixin.py:115} INFO - [2022-11-16 22:18:21,022] {dag.py:2927} INFO - Setting next_dagrun for tutorial_taskflow_api_etl to None, run_after=None
[2022-11-16 22:18:21,624] {processor.py:161} INFO - Processing /home/nayara/Downloads/EngDados/PROJTOS/main-code/venv/lib/python3.10/site-packages/airflow/example_dags/tutorial_taskflow_api_etl.py took 1.863 seconds
[2022-11-16 22:20:27,944] {processor.py:153} INFO - Started process (PID=10879) to work on /home/nayara/Downloads/EngDados/PROJTOS/main-code/venv/lib/python3.10/site-packages/airflow/example_dags/tutorial_taskflow_api_etl.py
[2022-11-16 22:20:27,958] {processor.py:641} INFO - Processing file /home/nayara/Downloads/EngDados/PROJTOS/main-code/venv/lib/python3.10/site-packages/airflow/example_dags/tutorial_taskflow_api_etl.py for tasks to queue
[2022-11-16 22:20:27,959] {logging_mixin.py:115} INFO - [2022-11-16 22:20:27,958] {dagbag.py:507} INFO - Filling up the DagBag from /home/nayara/Downloads/EngDados/PROJTOS/main-code/venv/lib/python3.10/site-packages/airflow/example_dags/tutorial_taskflow_api_etl.py
[2022-11-16 22:20:28,109] {processor.py:651} INFO - DAG(s) dict_keys(['tutorial_taskflow_api_etl']) retrieved from /home/nayara/Downloads/EngDados/PROJTOS/main-code/venv/lib/python3.10/site-packages/airflow/example_dags/tutorial_taskflow_api_etl.py
[2022-11-16 22:20:28,220] {logging_mixin.py:115} INFO - [2022-11-16 22:20:28,220] {dag.py:2379} INFO - Sync 1 DAGs
[2022-11-16 22:20:28,256] {logging_mixin.py:115} INFO - [2022-11-16 22:20:28,256] {dag.py:2927} INFO - Setting next_dagrun for tutorial_taskflow_api_etl to None, run_after=None
[2022-11-16 22:20:28,772] {processor.py:161} INFO - Processing /home/nayara/Downloads/EngDados/PROJTOS/main-code/venv/lib/python3.10/site-packages/airflow/example_dags/tutorial_taskflow_api_etl.py took 0.838 seconds
[2022-11-16 22:21:26,423] {processor.py:153} INFO - Started process (PID=11000) to work on /home/nayara/Downloads/EngDados/PROJTOS/main-code/venv/lib/python3.10/site-packages/airflow/example_dags/tutorial_taskflow_api_etl.py
[2022-11-16 22:21:26,438] {processor.py:641} INFO - Processing file /home/nayara/Downloads/EngDados/PROJTOS/main-code/venv/lib/python3.10/site-packages/airflow/example_dags/tutorial_taskflow_api_etl.py for tasks to queue
[2022-11-16 22:21:26,439] {logging_mixin.py:115} INFO - [2022-11-16 22:21:26,439] {dagbag.py:507} INFO - Filling up the DagBag from /home/nayara/Downloads/EngDados/PROJTOS/main-code/venv/lib/python3.10/site-packages/airflow/example_dags/tutorial_taskflow_api_etl.py
[2022-11-16 22:21:26,464] {processor.py:651} INFO - DAG(s) dict_keys(['tutorial_taskflow_api_etl']) retrieved from /home/nayara/Downloads/EngDados/PROJTOS/main-code/venv/lib/python3.10/site-packages/airflow/example_dags/tutorial_taskflow_api_etl.py
[2022-11-16 22:21:26,485] {logging_mixin.py:115} INFO - [2022-11-16 22:21:26,485] {dag.py:2379} INFO - Sync 1 DAGs
[2022-11-16 22:21:26,511] {logging_mixin.py:115} INFO - [2022-11-16 22:21:26,511] {dag.py:2927} INFO - Setting next_dagrun for tutorial_taskflow_api_etl to None, run_after=None
[2022-11-16 22:21:26,734] {processor.py:161} INFO - Processing /home/nayara/Downloads/EngDados/PROJTOS/main-code/venv/lib/python3.10/site-packages/airflow/example_dags/tutorial_taskflow_api_etl.py took 0.314 seconds
[2022-11-16 22:22:08,131] {processor.py:153} INFO - Started process (PID=11120) to work on /home/nayara/Downloads/EngDados/PROJTOS/main-code/venv/lib/python3.10/site-packages/airflow/example_dags/tutorial_taskflow_api_etl.py
[2022-11-16 22:22:08,132] {processor.py:641} INFO - Processing file /home/nayara/Downloads/EngDados/PROJTOS/main-code/venv/lib/python3.10/site-packages/airflow/example_dags/tutorial_taskflow_api_etl.py for tasks to queue
[2022-11-16 22:22:08,133] {logging_mixin.py:115} INFO - [2022-11-16 22:22:08,133] {dagbag.py:507} INFO - Filling up the DagBag from /home/nayara/Downloads/EngDados/PROJTOS/main-code/venv/lib/python3.10/site-packages/airflow/example_dags/tutorial_taskflow_api_etl.py
[2022-11-16 22:22:08,166] {processor.py:651} INFO - DAG(s) dict_keys(['tutorial_taskflow_api_etl']) retrieved from /home/nayara/Downloads/EngDados/PROJTOS/main-code/venv/lib/python3.10/site-packages/airflow/example_dags/tutorial_taskflow_api_etl.py
[2022-11-16 22:22:08,244] {logging_mixin.py:115} INFO - [2022-11-16 22:22:08,244] {dag.py:2379} INFO - Sync 1 DAGs
[2022-11-16 22:22:08,271] {logging_mixin.py:115} INFO - [2022-11-16 22:22:08,271] {dag.py:2927} INFO - Setting next_dagrun for tutorial_taskflow_api_etl to None, run_after=None
[2022-11-16 22:22:09,004] {processor.py:161} INFO - Processing /home/nayara/Downloads/EngDados/PROJTOS/main-code/venv/lib/python3.10/site-packages/airflow/example_dags/tutorial_taskflow_api_etl.py took 0.877 seconds
