[2022-11-16 22:17:40,778] {processor.py:153} INFO - Started process (PID=10366) to work on /home/nayara/Downloads/EngDados/PROJTOS/main-code/venv/lib/python3.10/site-packages/airflow/example_dags/subdags/subdag.py
[2022-11-16 22:17:40,779] {processor.py:641} INFO - Processing file /home/nayara/Downloads/EngDados/PROJTOS/main-code/venv/lib/python3.10/site-packages/airflow/example_dags/subdags/subdag.py for tasks to queue
[2022-11-16 22:17:40,780] {logging_mixin.py:115} INFO - [2022-11-16 22:17:40,780] {dagbag.py:507} INFO - Filling up the DagBag from /home/nayara/Downloads/EngDados/PROJTOS/main-code/venv/lib/python3.10/site-packages/airflow/example_dags/subdags/subdag.py
[2022-11-16 22:17:40,783] {processor.py:653} WARNING - No viable dags retrieved from /home/nayara/Downloads/EngDados/PROJTOS/main-code/venv/lib/python3.10/site-packages/airflow/example_dags/subdags/subdag.py
[2022-11-16 22:17:40,804] {processor.py:161} INFO - Processing /home/nayara/Downloads/EngDados/PROJTOS/main-code/venv/lib/python3.10/site-packages/airflow/example_dags/subdags/subdag.py took 0.032 seconds
[2022-11-16 22:19:28,019] {processor.py:153} INFO - Started process (PID=10791) to work on /home/nayara/Downloads/EngDados/PROJTOS/main-code/venv/lib/python3.10/site-packages/airflow/example_dags/subdags/subdag.py
[2022-11-16 22:19:28,101] {processor.py:641} INFO - Processing file /home/nayara/Downloads/EngDados/PROJTOS/main-code/venv/lib/python3.10/site-packages/airflow/example_dags/subdags/subdag.py for tasks to queue
[2022-11-16 22:19:28,103] {logging_mixin.py:115} INFO - [2022-11-16 22:19:28,102] {dagbag.py:507} INFO - Filling up the DagBag from /home/nayara/Downloads/EngDados/PROJTOS/main-code/venv/lib/python3.10/site-packages/airflow/example_dags/subdags/subdag.py
[2022-11-16 22:19:28,169] {processor.py:653} WARNING - No viable dags retrieved from /home/nayara/Downloads/EngDados/PROJTOS/main-code/venv/lib/python3.10/site-packages/airflow/example_dags/subdags/subdag.py
[2022-11-16 22:19:28,201] {processor.py:161} INFO - Processing /home/nayara/Downloads/EngDados/PROJTOS/main-code/venv/lib/python3.10/site-packages/airflow/example_dags/subdags/subdag.py took 0.187 seconds
[2022-11-16 22:20:55,619] {processor.py:153} INFO - Started process (PID=10931) to work on /home/nayara/Downloads/EngDados/PROJTOS/main-code/venv/lib/python3.10/site-packages/airflow/example_dags/subdags/subdag.py
[2022-11-16 22:20:55,637] {processor.py:641} INFO - Processing file /home/nayara/Downloads/EngDados/PROJTOS/main-code/venv/lib/python3.10/site-packages/airflow/example_dags/subdags/subdag.py for tasks to queue
[2022-11-16 22:20:55,638] {logging_mixin.py:115} INFO - [2022-11-16 22:20:55,637] {dagbag.py:507} INFO - Filling up the DagBag from /home/nayara/Downloads/EngDados/PROJTOS/main-code/venv/lib/python3.10/site-packages/airflow/example_dags/subdags/subdag.py
[2022-11-16 22:20:55,640] {processor.py:653} WARNING - No viable dags retrieved from /home/nayara/Downloads/EngDados/PROJTOS/main-code/venv/lib/python3.10/site-packages/airflow/example_dags/subdags/subdag.py
[2022-11-16 22:20:55,653] {processor.py:161} INFO - Processing /home/nayara/Downloads/EngDados/PROJTOS/main-code/venv/lib/python3.10/site-packages/airflow/example_dags/subdags/subdag.py took 0.038 seconds
[2022-11-16 22:21:44,558] {processor.py:153} INFO - Started process (PID=11030) to work on /home/nayara/Downloads/EngDados/PROJTOS/main-code/venv/lib/python3.10/site-packages/airflow/example_dags/subdags/subdag.py
[2022-11-16 22:21:44,573] {processor.py:641} INFO - Processing file /home/nayara/Downloads/EngDados/PROJTOS/main-code/venv/lib/python3.10/site-packages/airflow/example_dags/subdags/subdag.py for tasks to queue
[2022-11-16 22:21:44,573] {logging_mixin.py:115} INFO - [2022-11-16 22:21:44,573] {dagbag.py:507} INFO - Filling up the DagBag from /home/nayara/Downloads/EngDados/PROJTOS/main-code/venv/lib/python3.10/site-packages/airflow/example_dags/subdags/subdag.py
[2022-11-16 22:21:44,575] {processor.py:653} WARNING - No viable dags retrieved from /home/nayara/Downloads/EngDados/PROJTOS/main-code/venv/lib/python3.10/site-packages/airflow/example_dags/subdags/subdag.py
[2022-11-16 22:21:44,592] {processor.py:161} INFO - Processing /home/nayara/Downloads/EngDados/PROJTOS/main-code/venv/lib/python3.10/site-packages/airflow/example_dags/subdags/subdag.py took 0.037 seconds
