[2022-11-16 22:17:42,031] {processor.py:153} INFO - Started process (PID=10385) to work on /home/nayara/Downloads/EngDados/PROJTOS/main-code/venv/lib/python3.10/site-packages/airflow/example_dags/plugins/workday.py
[2022-11-16 22:17:42,032] {processor.py:641} INFO - Processing file /home/nayara/Downloads/EngDados/PROJTOS/main-code/venv/lib/python3.10/site-packages/airflow/example_dags/plugins/workday.py for tasks to queue
[2022-11-16 22:17:42,033] {logging_mixin.py:115} INFO - [2022-11-16 22:17:42,033] {dagbag.py:507} INFO - Filling up the DagBag from /home/nayara/Downloads/EngDados/PROJTOS/main-code/venv/lib/python3.10/site-packages/airflow/example_dags/plugins/workday.py
[2022-11-16 22:17:42,036] {processor.py:653} WARNING - No viable dags retrieved from /home/nayara/Downloads/EngDados/PROJTOS/main-code/venv/lib/python3.10/site-packages/airflow/example_dags/plugins/workday.py
[2022-11-16 22:17:42,070] {processor.py:161} INFO - Processing /home/nayara/Downloads/EngDados/PROJTOS/main-code/venv/lib/python3.10/site-packages/airflow/example_dags/plugins/workday.py took 0.045 seconds
[2022-11-16 22:19:29,916] {processor.py:153} INFO - Started process (PID=10795) to work on /home/nayara/Downloads/EngDados/PROJTOS/main-code/venv/lib/python3.10/site-packages/airflow/example_dags/plugins/workday.py
[2022-11-16 22:19:29,946] {processor.py:641} INFO - Processing file /home/nayara/Downloads/EngDados/PROJTOS/main-code/venv/lib/python3.10/site-packages/airflow/example_dags/plugins/workday.py for tasks to queue
[2022-11-16 22:19:29,950] {logging_mixin.py:115} INFO - [2022-11-16 22:19:29,949] {dagbag.py:507} INFO - Filling up the DagBag from /home/nayara/Downloads/EngDados/PROJTOS/main-code/venv/lib/python3.10/site-packages/airflow/example_dags/plugins/workday.py
[2022-11-16 22:19:30,129] {processor.py:653} WARNING - No viable dags retrieved from /home/nayara/Downloads/EngDados/PROJTOS/main-code/venv/lib/python3.10/site-packages/airflow/example_dags/plugins/workday.py
[2022-11-16 22:19:30,148] {processor.py:161} INFO - Processing /home/nayara/Downloads/EngDados/PROJTOS/main-code/venv/lib/python3.10/site-packages/airflow/example_dags/plugins/workday.py took 0.238 seconds
[2022-11-16 22:20:56,794] {processor.py:153} INFO - Started process (PID=10932) to work on /home/nayara/Downloads/EngDados/PROJTOS/main-code/venv/lib/python3.10/site-packages/airflow/example_dags/plugins/workday.py
[2022-11-16 22:20:56,795] {processor.py:641} INFO - Processing file /home/nayara/Downloads/EngDados/PROJTOS/main-code/venv/lib/python3.10/site-packages/airflow/example_dags/plugins/workday.py for tasks to queue
[2022-11-16 22:20:56,796] {logging_mixin.py:115} INFO - [2022-11-16 22:20:56,796] {dagbag.py:507} INFO - Filling up the DagBag from /home/nayara/Downloads/EngDados/PROJTOS/main-code/venv/lib/python3.10/site-packages/airflow/example_dags/plugins/workday.py
[2022-11-16 22:20:56,801] {processor.py:653} WARNING - No viable dags retrieved from /home/nayara/Downloads/EngDados/PROJTOS/main-code/venv/lib/python3.10/site-packages/airflow/example_dags/plugins/workday.py
[2022-11-16 22:20:56,817] {processor.py:161} INFO - Processing /home/nayara/Downloads/EngDados/PROJTOS/main-code/venv/lib/python3.10/site-packages/airflow/example_dags/plugins/workday.py took 0.028 seconds
[2022-11-16 22:21:44,858] {processor.py:153} INFO - Started process (PID=11031) to work on /home/nayara/Downloads/EngDados/PROJTOS/main-code/venv/lib/python3.10/site-packages/airflow/example_dags/plugins/workday.py
[2022-11-16 22:21:44,874] {processor.py:641} INFO - Processing file /home/nayara/Downloads/EngDados/PROJTOS/main-code/venv/lib/python3.10/site-packages/airflow/example_dags/plugins/workday.py for tasks to queue
[2022-11-16 22:21:44,875] {logging_mixin.py:115} INFO - [2022-11-16 22:21:44,875] {dagbag.py:507} INFO - Filling up the DagBag from /home/nayara/Downloads/EngDados/PROJTOS/main-code/venv/lib/python3.10/site-packages/airflow/example_dags/plugins/workday.py
[2022-11-16 22:21:44,879] {processor.py:653} WARNING - No viable dags retrieved from /home/nayara/Downloads/EngDados/PROJTOS/main-code/venv/lib/python3.10/site-packages/airflow/example_dags/plugins/workday.py
[2022-11-16 22:21:44,894] {processor.py:161} INFO - Processing /home/nayara/Downloads/EngDados/PROJTOS/main-code/venv/lib/python3.10/site-packages/airflow/example_dags/plugins/workday.py took 0.044 seconds
